#-----------------------------------------------------------
# Vivado v2019.1 (64-bit)
# SW Build 2552052 on Fri May 24 14:47:09 MDT 2019
# IP Build 2548770 on Fri May 24 18:01:18 MDT 2019
# Start of session at: Tue May 24 03:03:48 2022
# Process ID: 14291
# Current directory: /home/tanish/Desktop/GitHub/COL215
# Command line: vivado
# Log file: /home/tanish/Desktop/GitHub/COL215/vivado.log
# Journal file: /home/tanish/Desktop/GitHub/COL215/vivado.jou
#-----------------------------------------------------------
start_gui
create_project Assignment-9 /home/tanish/Desktop/GitHub/COL215/Assignment-9 -part xc7a35tcpg236-2
INFO: [IP_Flow 19-234] Refreshing IP repositories
INFO: [IP_Flow 19-1704] No user IP repositories specified
INFO: [IP_Flow 19-2313] Loaded Vivado IP repository '/tools/Xilinx/Vivado/2019.1/data/ip'.
set_property target_language VHDL [current_project]
file mkdir /home/tanish/Desktop/GitHub/COL215/Assignment-9/Assignment-9.srcs/sources_1/new
close [ open /home/tanish/Desktop/GitHub/COL215/Assignment-9/Assignment-9.srcs/sources_1/new/design.vhd w ]
add_files /home/tanish/Desktop/GitHub/COL215/Assignment-9/Assignment-9.srcs/sources_1/new/design.vhd
update_compile_order -fileset sources_1
exit
INFO: [Common 17-206] Exiting Vivado at Tue May 24 03:24:53 2022...
