Copyright 1986-2019 Xilinx, Inc. All Rights Reserved.
--------------------------------------------------------------------------------------------------------------------------------------------------------------------------
| Tool Version : Vivado v.2019.1 (lin64) Build 2552052 Fri May 24 14:47:09 MDT 2019
| Date         : Sat May 14 19:40:31 2022
| Host         : divyanshu-HP-ENVY-x360-Convertible-13-bd0xxx running 64-bit Ubuntu 20.04.2 LTS
| Command      : report_methodology -file lightDisplay_methodology_drc_routed.rpt -pb lightDisplay_methodology_drc_routed.pb -rpx lightDisplay_methodology_drc_routed.rpx
| Design       : lightDisplay
| Device       : xc7a35tcpg236-2
| Speed File   : -2
| Design State : Fully Routed
--------------------------------------------------------------------------------------------------------------------------------------------------------------------------

Report Methodology

Table of Contents
-----------------
1. REPORT SUMMARY
2. REPORT DETAILS

1. REPORT SUMMARY
-----------------
            Netlist: netlist
          Floorplan: design_1
      Design limits: <entire design considered>
             Max violations: <unlimited>
             Violations found: 48
+-----------+----------+-------------------------------+------------+
| Rule      | Severity | Description                   | Violations |
+-----------+----------+-------------------------------+------------+
| TIMING-18 | Warning  | Missing input or output delay | 4          |
| TIMING-20 | Warning  | Non-clocked latch             | 44         |
+-----------+----------+-------------------------------+------------+

2. REPORT DETAILS
-----------------
TIMING-18#1 Warning
Missing input or output delay  
An output delay is missing on anode[0] relative to clock(s) sys_clk_pin
Related violations: <none>

TIMING-18#2 Warning
Missing input or output delay  
An output delay is missing on anode[1] relative to clock(s) sys_clk_pin
Related violations: <none>

TIMING-18#3 Warning
Missing input or output delay  
An output delay is missing on anode[2] relative to clock(s) sys_clk_pin
Related violations: <none>

TIMING-18#4 Warning
Missing input or output delay  
An output delay is missing on anode[3] relative to clock(s) sys_clk_pin
Related violations: <none>

TIMING-20#1 Warning
Non-clocked latch  
The latch Entered_Number_reg[0] cannot be properly analyzed as its control pin Entered_Number_reg[0]/G is not reached by a timing clock
Related violations: <none>

TIMING-20#2 Warning
Non-clocked latch  
The latch Entered_Number_reg[10] cannot be properly analyzed as its control pin Entered_Number_reg[10]/G is not reached by a timing clock
Related violations: <none>

TIMING-20#3 Warning
Non-clocked latch  
The latch Entered_Number_reg[11] cannot be properly analyzed as its control pin Entered_Number_reg[11]/G is not reached by a timing clock
Related violations: <none>

TIMING-20#4 Warning
Non-clocked latch  
The latch Entered_Number_reg[12] cannot be properly analyzed as its control pin Entered_Number_reg[12]/G is not reached by a timing clock
Related violations: <none>

TIMING-20#5 Warning
Non-clocked latch  
The latch Entered_Number_reg[13] cannot be properly analyzed as its control pin Entered_Number_reg[13]/G is not reached by a timing clock
Related violations: <none>

TIMING-20#6 Warning
Non-clocked latch  
The latch Entered_Number_reg[14] cannot be properly analyzed as its control pin Entered_Number_reg[14]/G is not reached by a timing clock
Related violations: <none>

TIMING-20#7 Warning
Non-clocked latch  
The latch Entered_Number_reg[15] cannot be properly analyzed as its control pin Entered_Number_reg[15]/G is not reached by a timing clock
Related violations: <none>

TIMING-20#8 Warning
Non-clocked latch  
The latch Entered_Number_reg[1] cannot be properly analyzed as its control pin Entered_Number_reg[1]/G is not reached by a timing clock
Related violations: <none>

TIMING-20#9 Warning
Non-clocked latch  
The latch Entered_Number_reg[2] cannot be properly analyzed as its control pin Entered_Number_reg[2]/G is not reached by a timing clock
Related violations: <none>

TIMING-20#10 Warning
Non-clocked latch  
The latch Entered_Number_reg[3] cannot be properly analyzed as its control pin Entered_Number_reg[3]/G is not reached by a timing clock
Related violations: <none>

TIMING-20#11 Warning
Non-clocked latch  
The latch Entered_Number_reg[4] cannot be properly analyzed as its control pin Entered_Number_reg[4]/G is not reached by a timing clock
Related violations: <none>

TIMING-20#12 Warning
Non-clocked latch  
The latch Entered_Number_reg[5] cannot be properly analyzed as its control pin Entered_Number_reg[5]/G is not reached by a timing clock
Related violations: <none>

TIMING-20#13 Warning
Non-clocked latch  
The latch Entered_Number_reg[6] cannot be properly analyzed as its control pin Entered_Number_reg[6]/G is not reached by a timing clock
Related violations: <none>

TIMING-20#14 Warning
Non-clocked latch  
The latch Entered_Number_reg[7] cannot be properly analyzed as its control pin Entered_Number_reg[7]/G is not reached by a timing clock
Related violations: <none>

TIMING-20#15 Warning
Non-clocked latch  
The latch Entered_Number_reg[8] cannot be properly analyzed as its control pin Entered_Number_reg[8]/G is not reached by a timing clock
Related violations: <none>

TIMING-20#16 Warning
Non-clocked latch  
The latch Entered_Number_reg[9] cannot be properly analyzed as its control pin Entered_Number_reg[9]/G is not reached by a timing clock
Related violations: <none>

TIMING-20#17 Warning
Non-clocked latch  
The latch Sampled_number_reg[0] cannot be properly analyzed as its control pin Sampled_number_reg[0]/G is not reached by a timing clock
Related violations: <none>

TIMING-20#18 Warning
Non-clocked latch  
The latch Sampled_number_reg[10] cannot be properly analyzed as its control pin Sampled_number_reg[10]/G is not reached by a timing clock
Related violations: <none>

TIMING-20#19 Warning
Non-clocked latch  
The latch Sampled_number_reg[11] cannot be properly analyzed as its control pin Sampled_number_reg[11]/G is not reached by a timing clock
Related violations: <none>

TIMING-20#20 Warning
Non-clocked latch  
The latch Sampled_number_reg[12] cannot be properly analyzed as its control pin Sampled_number_reg[12]/G is not reached by a timing clock
Related violations: <none>

TIMING-20#21 Warning
Non-clocked latch  
The latch Sampled_number_reg[13] cannot be properly analyzed as its control pin Sampled_number_reg[13]/G is not reached by a timing clock
Related violations: <none>

TIMING-20#22 Warning
Non-clocked latch  
The latch Sampled_number_reg[14] cannot be properly analyzed as its control pin Sampled_number_reg[14]/G is not reached by a timing clock
Related violations: <none>

TIMING-20#23 Warning
Non-clocked latch  
The latch Sampled_number_reg[15] cannot be properly analyzed as its control pin Sampled_number_reg[15]/G is not reached by a timing clock
Related violations: <none>

TIMING-20#24 Warning
Non-clocked latch  
The latch Sampled_number_reg[1] cannot be properly analyzed as its control pin Sampled_number_reg[1]/G is not reached by a timing clock
Related violations: <none>

TIMING-20#25 Warning
Non-clocked latch  
The latch Sampled_number_reg[2] cannot be properly analyzed as its control pin Sampled_number_reg[2]/G is not reached by a timing clock
Related violations: <none>

TIMING-20#26 Warning
Non-clocked latch  
The latch Sampled_number_reg[3] cannot be properly analyzed as its control pin Sampled_number_reg[3]/G is not reached by a timing clock
Related violations: <none>

TIMING-20#27 Warning
Non-clocked latch  
The latch Sampled_number_reg[4] cannot be properly analyzed as its control pin Sampled_number_reg[4]/G is not reached by a timing clock
Related violations: <none>

TIMING-20#28 Warning
Non-clocked latch  
The latch Sampled_number_reg[5] cannot be properly analyzed as its control pin Sampled_number_reg[5]/G is not reached by a timing clock
Related violations: <none>

TIMING-20#29 Warning
Non-clocked latch  
The latch Sampled_number_reg[6] cannot be properly analyzed as its control pin Sampled_number_reg[6]/G is not reached by a timing clock
Related violations: <none>

TIMING-20#30 Warning
Non-clocked latch  
The latch Sampled_number_reg[7] cannot be properly analyzed as its control pin Sampled_number_reg[7]/G is not reached by a timing clock
Related violations: <none>

TIMING-20#31 Warning
Non-clocked latch  
The latch Sampled_number_reg[8] cannot be properly analyzed as its control pin Sampled_number_reg[8]/G is not reached by a timing clock
Related violations: <none>

TIMING-20#32 Warning
Non-clocked latch  
The latch Sampled_number_reg[9] cannot be properly analyzed as its control pin Sampled_number_reg[9]/G is not reached by a timing clock
Related violations: <none>

TIMING-20#33 Warning
Non-clocked latch  
The latch brightness_reg[0] cannot be properly analyzed as its control pin brightness_reg[0]/G is not reached by a timing clock
Related violations: <none>

TIMING-20#34 Warning
Non-clocked latch  
The latch brightness_reg[1] cannot be properly analyzed as its control pin brightness_reg[1]/G is not reached by a timing clock
Related violations: <none>

TIMING-20#35 Warning
Non-clocked latch  
The latch brightness_reg[2] cannot be properly analyzed as its control pin brightness_reg[2]/G is not reached by a timing clock
Related violations: <none>

TIMING-20#36 Warning
Non-clocked latch  
The latch brightness_reg[3] cannot be properly analyzed as its control pin brightness_reg[3]/G is not reached by a timing clock
Related violations: <none>

TIMING-20#37 Warning
Non-clocked latch  
The latch brightness_reg[4] cannot be properly analyzed as its control pin brightness_reg[4]/G is not reached by a timing clock
Related violations: <none>

TIMING-20#38 Warning
Non-clocked latch  
The latch brightness_reg[5] cannot be properly analyzed as its control pin brightness_reg[5]/G is not reached by a timing clock
Related violations: <none>

TIMING-20#39 Warning
Non-clocked latch  
The latch brightness_reg[6] cannot be properly analyzed as its control pin brightness_reg[6]/G is not reached by a timing clock
Related violations: <none>

TIMING-20#40 Warning
Non-clocked latch  
The latch brightness_reg[7] cannot be properly analyzed as its control pin brightness_reg[7]/G is not reached by a timing clock
Related violations: <none>

TIMING-20#41 Warning
Non-clocked latch  
The latch digit_A_reg cannot be properly analyzed as its control pin digit_A_reg/G is not reached by a timing clock
Related violations: <none>

TIMING-20#42 Warning
Non-clocked latch  
The latch digit_B_reg cannot be properly analyzed as its control pin digit_B_reg/G is not reached by a timing clock
Related violations: <none>

TIMING-20#43 Warning
Non-clocked latch  
The latch digit_C_reg cannot be properly analyzed as its control pin digit_C_reg/G is not reached by a timing clock
Related violations: <none>

TIMING-20#44 Warning
Non-clocked latch  
The latch digit_D_reg cannot be properly analyzed as its control pin digit_D_reg/G is not reached by a timing clock
Related violations: <none>


