
*** Running vivado
    with args -log design.vds -m64 -product Vivado -mode batch -messageDb vivado.pb -notrace -source design.tcl


****** Vivado v2019.1 (64-bit)
  **** SW Build 2552052 on Fri May 24 14:47:09 MDT 2019
  **** IP Build 2548770 on Fri May 24 18:01:18 MDT 2019
    ** Copyright 1986-2019 Xilinx, Inc. All Rights Reserved.

source design.tcl -notrace
Command: synth_design -top design -part xc7a35tcpg236-2
Starting synth_design
Attempting to get a license for feature 'Synthesis' and/or device 'xc7a35t'
INFO: [Common 17-349] Got license for feature 'Synthesis' and/or device 'xc7a35t'
INFO: [Device 21-403] Loading part xc7a35tcpg236-2
INFO: Launching helper process for spawning children vivado processes
INFO: Helper process launched with PID 28328 
---------------------------------------------------------------------------------
Starting RTL Elaboration : Time (s): cpu = 00:00:02 ; elapsed = 00:00:02 . Memory (MB): peak = 1653.891 ; gain = 152.719 ; free physical = 10914 ; free virtual = 15623
---------------------------------------------------------------------------------
INFO: [Synth 8-638] synthesizing module '\design ' [/home/tanish/Desktop/GitHub/COL215/Assignment-9/Assignment-9.srcs/sources_1/new/design.vhd:30]
	Parameter max_elements bound to: 32 - type: integer 
INFO: [Synth 8-638] synthesizing module 'lightDisplay' [/home/tanish/Desktop/GitHub/COL215/Assignment-9/Assignment-9.srcs/sources_1/new/multiDisplay.vhd:13]
INFO: [Synth 8-638] synthesizing module 'singleDisplay' [/home/tanish/Desktop/GitHub/COL215/Assignment-9/Assignment-9.srcs/sources_1/new/singleDisplay.vhd:19]
INFO: [Synth 8-256] done synthesizing module 'singleDisplay' (1#1) [/home/tanish/Desktop/GitHub/COL215/Assignment-9/Assignment-9.srcs/sources_1/new/singleDisplay.vhd:19]
INFO: [Synth 8-256] done synthesizing module 'lightDisplay' (2#1) [/home/tanish/Desktop/GitHub/COL215/Assignment-9/Assignment-9.srcs/sources_1/new/multiDisplay.vhd:13]
WARNING: [Synth 8-3848] Net is_empty in module/entity design does not have driver. [/home/tanish/Desktop/GitHub/COL215/Assignment-9/Assignment-9.srcs/sources_1/new/design.vhd:40]
INFO: [Synth 8-256] done synthesizing module '\design ' (3#1) [/home/tanish/Desktop/GitHub/COL215/Assignment-9/Assignment-9.srcs/sources_1/new/design.vhd:30]
---------------------------------------------------------------------------------
Finished RTL Elaboration : Time (s): cpu = 00:00:02 ; elapsed = 00:00:03 . Memory (MB): peak = 1707.641 ; gain = 206.469 ; free physical = 10936 ; free virtual = 15646
---------------------------------------------------------------------------------

Report Check Netlist: 
+------+------------------+-------+---------+-------+------------------+
|      |Item              |Errors |Warnings |Status |Description       |
+------+------------------+-------+---------+-------+------------------+
|1     |multi_driven_nets |      0|        0|Passed |Multi driven nets |
+------+------------------+-------+---------+-------+------------------+
---------------------------------------------------------------------------------
Start Handling Custom Attributes
---------------------------------------------------------------------------------
---------------------------------------------------------------------------------
Finished Handling Custom Attributes : Time (s): cpu = 00:00:02 ; elapsed = 00:00:03 . Memory (MB): peak = 1710.609 ; gain = 209.438 ; free physical = 10933 ; free virtual = 15643
---------------------------------------------------------------------------------
---------------------------------------------------------------------------------
Finished RTL Optimization Phase 1 : Time (s): cpu = 00:00:02 ; elapsed = 00:00:03 . Memory (MB): peak = 1710.609 ; gain = 209.438 ; free physical = 10933 ; free virtual = 15643
---------------------------------------------------------------------------------
INFO: [Project 1-570] Preparing netlist for logic optimization

Processing XDC Constraints
Initializing timing engine
Parsing XDC File [/home/tanish/Desktop/GitHub/COL215/Assignment-9/Assignment-9.srcs/constrs_1/new/contraints.xdc]
Finished Parsing XDC File [/home/tanish/Desktop/GitHub/COL215/Assignment-9/Assignment-9.srcs/constrs_1/new/contraints.xdc]
INFO: [Project 1-236] Implementation specific constraints were found while reading constraint file [/home/tanish/Desktop/GitHub/COL215/Assignment-9/Assignment-9.srcs/constrs_1/new/contraints.xdc]. These constraints will be ignored for synthesis but will be used in implementation. Impacted constraints are listed in the file [.Xil/\design _propImpl.xdc].
Resolution: To avoid this warning, move constraints listed in [.Xil/\design _propImpl.xdc] to another XDC file and exclude this new file from synthesis with the used_in_synthesis property (File Properties dialog in GUI) and re-run elaboration/synthesis.
Completed Processing XDC Constraints

Netlist sorting complete. Time (s): cpu = 00:00:00 ; elapsed = 00:00:00 . Memory (MB): peak = 1881.266 ; gain = 0.000 ; free physical = 10840 ; free virtual = 15549
INFO: [Project 1-111] Unisim Transformation Summary:
No Unisim elements were transformed.

Constraint Validation Runtime : Time (s): cpu = 00:00:00 ; elapsed = 00:00:00.01 . Memory (MB): peak = 1881.266 ; gain = 0.000 ; free physical = 10840 ; free virtual = 15549
---------------------------------------------------------------------------------
Finished Constraint Validation : Time (s): cpu = 00:00:05 ; elapsed = 00:00:06 . Memory (MB): peak = 1881.266 ; gain = 380.094 ; free physical = 10911 ; free virtual = 15620
---------------------------------------------------------------------------------
---------------------------------------------------------------------------------
Start Loading Part and Timing Information
---------------------------------------------------------------------------------
Loading part: xc7a35tcpg236-2
---------------------------------------------------------------------------------
Finished Loading Part and Timing Information : Time (s): cpu = 00:00:05 ; elapsed = 00:00:06 . Memory (MB): peak = 1881.266 ; gain = 380.094 ; free physical = 10911 ; free virtual = 15620
---------------------------------------------------------------------------------
---------------------------------------------------------------------------------
Start Applying 'set_property' XDC Constraints
---------------------------------------------------------------------------------
---------------------------------------------------------------------------------
Finished applying 'set_property' XDC Constraints : Time (s): cpu = 00:00:05 ; elapsed = 00:00:06 . Memory (MB): peak = 1881.266 ; gain = 380.094 ; free physical = 10911 ; free virtual = 15620
---------------------------------------------------------------------------------
INFO: [Synth 8-5545] ROM "anode" won't be mapped to RAM because address size (32) is larger than maximum supported(25)
INFO: [Synth 8-5545] ROM "light_num" won't be mapped to RAM because address size (32) is larger than maximum supported(25)
---------------------------------------------------------------------------------
Finished RTL Optimization Phase 2 : Time (s): cpu = 00:00:05 ; elapsed = 00:00:06 . Memory (MB): peak = 1881.266 ; gain = 380.094 ; free physical = 10904 ; free virtual = 15614
---------------------------------------------------------------------------------

Report RTL Partitions: 
+-+--------------+------------+----------+
| |RTL Partition |Replication |Instances |
+-+--------------+------------+----------+
+-+--------------+------------+----------+
---------------------------------------------------------------------------------
Start RTL Component Statistics 
---------------------------------------------------------------------------------
Detailed RTL Component Info : 
+---Adders : 
	   2 Input     31 Bit       Adders := 1     
	   2 Input      6 Bit       Adders := 2     
	   3 Input      6 Bit       Adders := 2     
	   2 Input      3 Bit       Adders := 1     
+---Registers : 
	               32 Bit    Registers := 1     
	                6 Bit    Registers := 2     
	                5 Bit    Registers := 1     
	                3 Bit    Registers := 1     
	                1 Bit    Registers := 6     
+---RAMs : 
	              512 Bit         RAMs := 1     
+---Muxes : 
	   2 Input     31 Bit        Muxes := 1     
	   2 Input      6 Bit        Muxes := 1     
	   2 Input      4 Bit        Muxes := 1     
	   4 Input      4 Bit        Muxes := 1     
	   2 Input      3 Bit        Muxes := 2     
	   4 Input      3 Bit        Muxes := 1     
	   7 Input      3 Bit        Muxes := 1     
	   2 Input      2 Bit        Muxes := 2     
	   4 Input      1 Bit        Muxes := 4     
	   2 Input      1 Bit        Muxes := 6     
	   6 Input      1 Bit        Muxes := 3     
---------------------------------------------------------------------------------
Finished RTL Component Statistics 
---------------------------------------------------------------------------------
---------------------------------------------------------------------------------
Start RTL Hierarchical Component Statistics 
---------------------------------------------------------------------------------
Hierarchical RTL Component report 
Module \design  
Detailed RTL Component Info : 
+---Adders : 
	   2 Input      6 Bit       Adders := 2     
	   3 Input      6 Bit       Adders := 2     
+---Registers : 
	                6 Bit    Registers := 2     
	                5 Bit    Registers := 1     
	                3 Bit    Registers := 1     
	                1 Bit    Registers := 2     
+---RAMs : 
	              512 Bit         RAMs := 1     
+---Muxes : 
	   2 Input      6 Bit        Muxes := 1     
	   7 Input      3 Bit        Muxes := 1     
	   2 Input      2 Bit        Muxes := 2     
	   2 Input      1 Bit        Muxes := 2     
	   6 Input      1 Bit        Muxes := 3     
Module singleDisplay 
Detailed RTL Component Info : 
+---Muxes : 
	   2 Input      4 Bit        Muxes := 1     
	   4 Input      4 Bit        Muxes := 1     
Module lightDisplay 
Detailed RTL Component Info : 
+---Adders : 
	   2 Input     31 Bit       Adders := 1     
	   2 Input      3 Bit       Adders := 1     
+---Registers : 
	               32 Bit    Registers := 1     
	                1 Bit    Registers := 4     
+---Muxes : 
	   2 Input     31 Bit        Muxes := 1     
	   2 Input      3 Bit        Muxes := 2     
	   4 Input      3 Bit        Muxes := 1     
	   4 Input      1 Bit        Muxes := 4     
	   2 Input      1 Bit        Muxes := 4     
---------------------------------------------------------------------------------
Finished RTL Hierarchical Component Statistics
---------------------------------------------------------------------------------
---------------------------------------------------------------------------------
Start Part Resource Summary
---------------------------------------------------------------------------------
Part Resources:
DSPs: 90 (col length:60)
BRAMs: 100 (col length: RAMB18 60 RAMB36 30)
---------------------------------------------------------------------------------
Finished Part Resource Summary
---------------------------------------------------------------------------------
---------------------------------------------------------------------------------
Start Cross Boundary and Area Optimization
---------------------------------------------------------------------------------
Warning: Parallel synthesis criteria is not met 
WARNING: [Synth 8-3917] design \design  has port anode[3] driven by constant 1
WARNING: [Synth 8-3917] design \design  has port anode[2] driven by constant 1
INFO: [Synth 8-3333] propagating constant 0 across sequential element (\head_reg[5] )
INFO: [Synth 8-3886] merging instance 'Multi_Display/counter_new_reg[31]' (FDR) to 'Multi_Display/counter_new_reg[30]'
INFO: [Synth 8-3886] merging instance 'Multi_Display/counter_new_reg[30]' (FDR) to 'Multi_Display/counter_new_reg[29]'
INFO: [Synth 8-3886] merging instance 'Multi_Display/counter_new_reg[29]' (FDR) to 'Multi_Display/counter_new_reg[28]'
INFO: [Synth 8-3886] merging instance 'Multi_Display/counter_new_reg[28]' (FDR) to 'Multi_Display/counter_new_reg[27]'
INFO: [Synth 8-3886] merging instance 'Multi_Display/counter_new_reg[27]' (FDR) to 'Multi_Display/counter_new_reg[26]'
INFO: [Synth 8-3886] merging instance 'Multi_Display/counter_new_reg[26]' (FDR) to 'Multi_Display/counter_new_reg[25]'
INFO: [Synth 8-3886] merging instance 'Multi_Display/counter_new_reg[25]' (FDR) to 'Multi_Display/counter_new_reg[24]'
INFO: [Synth 8-3886] merging instance 'Multi_Display/counter_new_reg[24]' (FDR) to 'Multi_Display/counter_new_reg[23]'
INFO: [Synth 8-3886] merging instance 'Multi_Display/counter_new_reg[23]' (FDR) to 'Multi_Display/counter_new_reg[22]'
INFO: [Synth 8-3886] merging instance 'Multi_Display/counter_new_reg[22]' (FDR) to 'Multi_Display/counter_new_reg[21]'
INFO: [Synth 8-3886] merging instance 'Multi_Display/counter_new_reg[21]' (FDR) to 'Multi_Display/counter_new_reg[20]'
INFO: [Synth 8-3886] merging instance 'Multi_Display/counter_new_reg[20]' (FDR) to 'Multi_Display/counter_new_reg[19]'
INFO: [Synth 8-3886] merging instance 'Multi_Display/counter_new_reg[19]' (FDR) to 'Multi_Display/counter_new_reg[18]'
INFO: [Synth 8-3886] merging instance 'Multi_Display/counter_new_reg[18]' (FDR) to 'Multi_Display/counter_new_reg[17]'
INFO: [Synth 8-3886] merging instance 'Multi_Display/counter_new_reg[17]' (FDR) to 'Multi_Display/counter_new_reg[16]'
INFO: [Synth 8-3886] merging instance 'Multi_Display/counter_new_reg[16]' (FDR) to 'Multi_Display/counter_new_reg[15]'
INFO: [Synth 8-3886] merging instance 'Multi_Display/counter_new_reg[15]' (FDR) to 'Multi_Display/counter_new_reg[14]'
INFO: [Synth 8-3886] merging instance 'Multi_Display/counter_new_reg[14]' (FDR) to 'Multi_Display/counter_new_reg[13]'
INFO: [Synth 8-3886] merging instance 'Multi_Display/counter_new_reg[13]' (FDR) to 'Multi_Display/counter_new_reg[12]'
INFO: [Synth 8-3886] merging instance 'Multi_Display/counter_new_reg[12]' (FDR) to 'Multi_Display/counter_new_reg[11]'
INFO: [Synth 8-3886] merging instance 'Multi_Display/counter_new_reg[11]' (FDR) to 'Multi_Display/counter_new_reg[10]'
INFO: [Synth 8-3886] merging instance 'Multi_Display/counter_new_reg[10]' (FDR) to 'Multi_Display/counter_new_reg[9]'
INFO: [Synth 8-3886] merging instance 'Multi_Display/counter_new_reg[9]' (FDR) to 'Multi_Display/counter_new_reg[8]'
INFO: [Synth 8-3886] merging instance 'Multi_Display/counter_new_reg[8]' (FDR) to 'Multi_Display/counter_new_reg[7]'
INFO: [Synth 8-3886] merging instance 'Multi_Display/counter_new_reg[7]' (FDR) to 'Multi_Display/counter_new_reg[6]'
INFO: [Synth 8-3886] merging instance 'Multi_Display/counter_new_reg[6]' (FDR) to 'Multi_Display/counter_new_reg[5]'
INFO: [Synth 8-3886] merging instance 'Multi_Display/counter_new_reg[5]' (FDR) to 'Multi_Display/counter_new_reg[4]'
INFO: [Synth 8-3886] merging instance 'Multi_Display/counter_new_reg[4]' (FDR) to 'Multi_Display/counter_new_reg[3]'
INFO: [Synth 8-3333] propagating constant 0 across sequential element (\Multi_Display/counter_new_reg[3] )
INFO: [Synth 8-3333] propagating constant 0 across sequential element (\Multi_Display/counter_new_reg[2] )
INFO: [Synth 8-3886] merging instance 'Multi_Display/light_num_reg[31]' (FD) to 'Multi_Display/light_num_reg[2]'
INFO: [Synth 8-3886] merging instance 'Multi_Display/light_num_reg[30]' (FD) to 'Multi_Display/light_num_reg[2]'
INFO: [Synth 8-3886] merging instance 'Multi_Display/light_num_reg[29]' (FD) to 'Multi_Display/light_num_reg[2]'
INFO: [Synth 8-3886] merging instance 'Multi_Display/light_num_reg[28]' (FD) to 'Multi_Display/light_num_reg[2]'
INFO: [Synth 8-3886] merging instance 'Multi_Display/light_num_reg[27]' (FD) to 'Multi_Display/light_num_reg[2]'
INFO: [Synth 8-3886] merging instance 'Multi_Display/light_num_reg[26]' (FD) to 'Multi_Display/light_num_reg[2]'
INFO: [Synth 8-3886] merging instance 'Multi_Display/light_num_reg[25]' (FD) to 'Multi_Display/light_num_reg[2]'
INFO: [Synth 8-3886] merging instance 'Multi_Display/light_num_reg[24]' (FD) to 'Multi_Display/light_num_reg[2]'
INFO: [Synth 8-3886] merging instance 'Multi_Display/light_num_reg[23]' (FD) to 'Multi_Display/light_num_reg[2]'
INFO: [Synth 8-3886] merging instance 'Multi_Display/light_num_reg[22]' (FD) to 'Multi_Display/light_num_reg[2]'
INFO: [Synth 8-3886] merging instance 'Multi_Display/light_num_reg[21]' (FD) to 'Multi_Display/light_num_reg[2]'
INFO: [Synth 8-3886] merging instance 'Multi_Display/light_num_reg[20]' (FD) to 'Multi_Display/light_num_reg[2]'
INFO: [Synth 8-3886] merging instance 'Multi_Display/light_num_reg[19]' (FD) to 'Multi_Display/light_num_reg[2]'
INFO: [Synth 8-3886] merging instance 'Multi_Display/light_num_reg[18]' (FD) to 'Multi_Display/light_num_reg[2]'
INFO: [Synth 8-3886] merging instance 'Multi_Display/light_num_reg[17]' (FD) to 'Multi_Display/light_num_reg[2]'
INFO: [Synth 8-3886] merging instance 'Multi_Display/light_num_reg[16]' (FD) to 'Multi_Display/light_num_reg[2]'
INFO: [Synth 8-3886] merging instance 'Multi_Display/light_num_reg[15]' (FD) to 'Multi_Display/light_num_reg[2]'
INFO: [Synth 8-3886] merging instance 'Multi_Display/light_num_reg[14]' (FD) to 'Multi_Display/light_num_reg[2]'
INFO: [Synth 8-3886] merging instance 'Multi_Display/light_num_reg[13]' (FD) to 'Multi_Display/light_num_reg[2]'
INFO: [Synth 8-3886] merging instance 'Multi_Display/light_num_reg[12]' (FD) to 'Multi_Display/light_num_reg[2]'
INFO: [Synth 8-3886] merging instance 'Multi_Display/light_num_reg[11]' (FD) to 'Multi_Display/light_num_reg[2]'
INFO: [Synth 8-3886] merging instance 'Multi_Display/light_num_reg[10]' (FD) to 'Multi_Display/light_num_reg[2]'
INFO: [Synth 8-3886] merging instance 'Multi_Display/light_num_reg[9]' (FD) to 'Multi_Display/light_num_reg[2]'
INFO: [Synth 8-3886] merging instance 'Multi_Display/light_num_reg[8]' (FD) to 'Multi_Display/light_num_reg[2]'
INFO: [Synth 8-3886] merging instance 'Multi_Display/light_num_reg[7]' (FD) to 'Multi_Display/light_num_reg[2]'
INFO: [Synth 8-3886] merging instance 'Multi_Display/light_num_reg[6]' (FD) to 'Multi_Display/light_num_reg[2]'
INFO: [Synth 8-3886] merging instance 'Multi_Display/light_num_reg[5]' (FD) to 'Multi_Display/light_num_reg[2]'
INFO: [Synth 8-3886] merging instance 'Multi_Display/light_num_reg[4]' (FD) to 'Multi_Display/light_num_reg[2]'
INFO: [Synth 8-3886] merging instance 'Multi_Display/light_num_reg[3]' (FD) to 'Multi_Display/light_num_reg[2]'
INFO: [Synth 8-3333] propagating constant 0 across sequential element (\Multi_Display/light_num_reg[2] )
INFO: [Synth 8-3333] propagating constant 0 across sequential element (\element_count_reg[5] )
---------------------------------------------------------------------------------
Finished Cross Boundary and Area Optimization : Time (s): cpu = 00:00:06 ; elapsed = 00:00:07 . Memory (MB): peak = 1881.266 ; gain = 380.094 ; free physical = 10891 ; free virtual = 15603
---------------------------------------------------------------------------------
---------------------------------------------------------------------------------
Start ROM, RAM, DSP and Shift Register Reporting
---------------------------------------------------------------------------------

Distributed RAM: Preliminary Mapping  Report (see note below)
+------------+------------+-----------+----------------------+--------------+
|Module Name | RTL Object | Inference | Size (Depth x Width) | Primitives   | 
+------------+------------+-----------+----------------------+--------------+
|\design     | ram_reg    | Implied   | 32 x 16              | RAM32M x 3   | 
+------------+------------+-----------+----------------------+--------------+

Note: The table above is a preliminary report that shows the Distributed RAMs at the current stage of the synthesis flow. Some Distributed RAMs may be reimplemented as non Distributed RAM primitives later in the synthesis flow. Multiple instantiated RAMs are reported only once.
---------------------------------------------------------------------------------
Finished ROM, RAM, DSP and Shift Register Reporting
---------------------------------------------------------------------------------

Report RTL Partitions: 
+-+--------------+------------+----------+
| |RTL Partition |Replication |Instances |
+-+--------------+------------+----------+
+-+--------------+------------+----------+
---------------------------------------------------------------------------------
Start Applying XDC Timing Constraints
---------------------------------------------------------------------------------
---------------------------------------------------------------------------------
Finished Applying XDC Timing Constraints : Time (s): cpu = 00:00:09 ; elapsed = 00:00:10 . Memory (MB): peak = 1881.266 ; gain = 380.094 ; free physical = 10783 ; free virtual = 15495
---------------------------------------------------------------------------------
---------------------------------------------------------------------------------
Start Timing Optimization
---------------------------------------------------------------------------------
---------------------------------------------------------------------------------
Finished Timing Optimization : Time (s): cpu = 00:00:09 ; elapsed = 00:00:10 . Memory (MB): peak = 1881.266 ; gain = 380.094 ; free physical = 10781 ; free virtual = 15494
---------------------------------------------------------------------------------
---------------------------------------------------------------------------------
Start ROM, RAM, DSP and Shift Register Reporting
---------------------------------------------------------------------------------

Distributed RAM: Final Mapping  Report
+------------+------------+-----------+----------------------+--------------+
|Module Name | RTL Object | Inference | Size (Depth x Width) | Primitives   | 
+------------+------------+-----------+----------------------+--------------+
|\design     | ram_reg    | Implied   | 32 x 16              | RAM32M x 3   | 
+------------+------------+-----------+----------------------+--------------+

---------------------------------------------------------------------------------
Finished ROM, RAM, DSP and Shift Register Reporting
---------------------------------------------------------------------------------

Report RTL Partitions: 
+-+--------------+------------+----------+
| |RTL Partition |Replication |Instances |
+-+--------------+------------+----------+
+-+--------------+------------+----------+
---------------------------------------------------------------------------------
Start Technology Mapping
---------------------------------------------------------------------------------
---------------------------------------------------------------------------------
Finished Technology Mapping : Time (s): cpu = 00:00:09 ; elapsed = 00:00:10 . Memory (MB): peak = 1881.266 ; gain = 380.094 ; free physical = 10781 ; free virtual = 15493
---------------------------------------------------------------------------------

Report RTL Partitions: 
+-+--------------+------------+----------+
| |RTL Partition |Replication |Instances |
+-+--------------+------------+----------+
+-+--------------+------------+----------+
---------------------------------------------------------------------------------
Start IO Insertion
---------------------------------------------------------------------------------
---------------------------------------------------------------------------------
Start Flattening Before IO Insertion
---------------------------------------------------------------------------------
---------------------------------------------------------------------------------
Finished Flattening Before IO Insertion
---------------------------------------------------------------------------------
---------------------------------------------------------------------------------
Start Final Netlist Cleanup
---------------------------------------------------------------------------------
---------------------------------------------------------------------------------
Finished Final Netlist Cleanup
---------------------------------------------------------------------------------
---------------------------------------------------------------------------------
Finished IO Insertion : Time (s): cpu = 00:00:10 ; elapsed = 00:00:11 . Memory (MB): peak = 1881.266 ; gain = 380.094 ; free physical = 10784 ; free virtual = 15493
---------------------------------------------------------------------------------

Report Check Netlist: 
+------+------------------+-------+---------+-------+------------------+
|      |Item              |Errors |Warnings |Status |Description       |
+------+------------------+-------+---------+-------+------------------+
|1     |multi_driven_nets |      0|        0|Passed |Multi driven nets |
+------+------------------+-------+---------+-------+------------------+
---------------------------------------------------------------------------------
Start Renaming Generated Instances
---------------------------------------------------------------------------------
---------------------------------------------------------------------------------
Finished Renaming Generated Instances : Time (s): cpu = 00:00:10 ; elapsed = 00:00:11 . Memory (MB): peak = 1881.266 ; gain = 380.094 ; free physical = 10784 ; free virtual = 15493
---------------------------------------------------------------------------------

Report RTL Partitions: 
+-+--------------+------------+----------+
| |RTL Partition |Replication |Instances |
+-+--------------+------------+----------+
+-+--------------+------------+----------+
---------------------------------------------------------------------------------
Start Rebuilding User Hierarchy
---------------------------------------------------------------------------------
---------------------------------------------------------------------------------
Finished Rebuilding User Hierarchy : Time (s): cpu = 00:00:10 ; elapsed = 00:00:11 . Memory (MB): peak = 1881.266 ; gain = 380.094 ; free physical = 10784 ; free virtual = 15493
---------------------------------------------------------------------------------
---------------------------------------------------------------------------------
Start Renaming Generated Ports
---------------------------------------------------------------------------------
---------------------------------------------------------------------------------
Finished Renaming Generated Ports : Time (s): cpu = 00:00:10 ; elapsed = 00:00:11 . Memory (MB): peak = 1881.266 ; gain = 380.094 ; free physical = 10784 ; free virtual = 15493
---------------------------------------------------------------------------------
---------------------------------------------------------------------------------
Start Handling Custom Attributes
---------------------------------------------------------------------------------
---------------------------------------------------------------------------------
Finished Handling Custom Attributes : Time (s): cpu = 00:00:10 ; elapsed = 00:00:11 . Memory (MB): peak = 1881.266 ; gain = 380.094 ; free physical = 10784 ; free virtual = 15493
---------------------------------------------------------------------------------
---------------------------------------------------------------------------------
Start Renaming Generated Nets
---------------------------------------------------------------------------------
---------------------------------------------------------------------------------
Finished Renaming Generated Nets : Time (s): cpu = 00:00:10 ; elapsed = 00:00:11 . Memory (MB): peak = 1881.266 ; gain = 380.094 ; free physical = 10784 ; free virtual = 15493
---------------------------------------------------------------------------------
---------------------------------------------------------------------------------
Start Writing Synthesis Report
---------------------------------------------------------------------------------

Report BlackBoxes: 
+-+--------------+----------+
| |BlackBox name |Instances |
+-+--------------+----------+
+-+--------------+----------+

Report Cell Usage: 
+------+-------+------+
|      |Cell   |Count |
+------+-------+------+
|1     |BUFG   |     1|
|2     |CARRY4 |    17|
|3     |LUT1   |    24|
|4     |LUT2   |    38|
|5     |LUT3   |     6|
|6     |LUT4   |    11|
|7     |LUT5   |     5|
|8     |LUT6   |     9|
|9     |RAM32M |     3|
|10    |FDRE   |    65|
|11    |IBUF   |    19|
|12    |OBUF   |    13|
+------+-------+------+

Report Instance Areas: 
+------+-------------------+--------------+------+
|      |Instance           |Module        |Cells |
+------+-------------------+--------------+------+
|1     |top                |              |   211|
|2     |  Multi_Display    |lightDisplay  |   126|
|3     |    Single_display |singleDisplay |     9|
+------+-------------------+--------------+------+
---------------------------------------------------------------------------------
Finished Writing Synthesis Report : Time (s): cpu = 00:00:10 ; elapsed = 00:00:11 . Memory (MB): peak = 1881.266 ; gain = 380.094 ; free physical = 10784 ; free virtual = 15493
---------------------------------------------------------------------------------
Synthesis finished with 0 errors, 0 critical warnings and 2 warnings.
Synthesis Optimization Runtime : Time (s): cpu = 00:00:09 ; elapsed = 00:00:10 . Memory (MB): peak = 1881.266 ; gain = 209.438 ; free physical = 10837 ; free virtual = 15545
Synthesis Optimization Complete : Time (s): cpu = 00:00:10 ; elapsed = 00:00:11 . Memory (MB): peak = 1881.266 ; gain = 380.094 ; free physical = 10837 ; free virtual = 15545
INFO: [Project 1-571] Translating synthesized netlist
INFO: [Netlist 29-17] Analyzing 20 Unisim elements for replacement
INFO: [Netlist 29-28] Unisim Transformation completed in 0 CPU seconds
INFO: [Project 1-570] Preparing netlist for logic optimization
INFO: [Opt 31-138] Pushed 0 inverter(s) to 0 load pin(s).
Netlist sorting complete. Time (s): cpu = 00:00:00 ; elapsed = 00:00:00 . Memory (MB): peak = 1881.266 ; gain = 0.000 ; free physical = 10787 ; free virtual = 15495
INFO: [Project 1-111] Unisim Transformation Summary:
  A total of 3 instances were transformed.
  RAM32M => RAM32M (RAMD32, RAMD32, RAMD32, RAMD32, RAMD32, RAMD32, RAMS32, RAMS32): 3 instances

INFO: [Common 17-83] Releasing license: Synthesis
82 Infos, 3 Warnings, 0 Critical Warnings and 0 Errors encountered.
synth_design completed successfully
synth_design: Time (s): cpu = 00:00:13 ; elapsed = 00:00:13 . Memory (MB): peak = 1881.266 ; gain = 522.383 ; free physical = 10882 ; free virtual = 15591
Netlist sorting complete. Time (s): cpu = 00:00:00 ; elapsed = 00:00:00 . Memory (MB): peak = 1881.266 ; gain = 0.000 ; free physical = 10882 ; free virtual = 15591
WARNING: [Constraints 18-5210] No constraints selected for write.
Resolution: This message can indicate that there are no constraints for the design, or it can indicate that the used_in flags are set such that the constraints are ignored. This later case is used when running synth_design to not write synthesis constraints to the resulting checkpoint. Instead, project constraints are read when the synthesized design is opened.
INFO: [Common 17-1381] The checkpoint '/home/tanish/Desktop/GitHub/COL215/Assignment-9/Assignment-9.runs/synth_1/design.dcp' has been generated.
INFO: [runtcl-4] Executing : report_utilization -file design_utilization_synth.rpt -pb design_utilization_synth.pb
INFO: [Common 17-206] Exiting Vivado at Tue May 24 20:01:40 2022...
