Copyright 1986-2019 Xilinx, Inc. All Rights Reserved.
--------------------------------------------------------------------------------------------------------------------------------------------------------
| Tool Version : Vivado v.2019.1 (lin64) Build 2552052 Fri May 24 14:47:09 MDT 2019
| Date         : Wed May 18 18:11:49 2022
| Host         : divyanshu-HP-ENVY-x360-Convertible-13-bd0xxx running 64-bit Ubuntu 20.04.2 LTS
| Command      : report_methodology -file design_methodology_drc_routed.rpt -pb design_methodology_drc_routed.pb -rpx design_methodology_drc_routed.rpx
| Design       : \design 
| Device       : xc7a35tcpg236-2
| Speed File   : -2
| Design State : Fully Routed
--------------------------------------------------------------------------------------------------------------------------------------------------------

Report Methodology

Table of Contents
-----------------
1. REPORT SUMMARY
2. REPORT DETAILS

1. REPORT SUMMARY
-----------------
            Netlist: netlist
          Floorplan: design_1
      Design limits: <entire design considered>
             Max violations: <unlimited>
             Violations found: 102
+-----------+----------+-------------------------------+------------+
| Rule      | Severity | Description                   | Violations |
+-----------+----------+-------------------------------+------------+
| TIMING-18 | Warning  | Missing input or output delay | 11         |
| TIMING-20 | Warning  | Non-clocked latch             | 77         |
| TIMING-23 | Warning  | Combinational loop found      | 14         |
+-----------+----------+-------------------------------+------------+

2. REPORT DETAILS
-----------------
TIMING-18#1 Warning
Missing input or output delay  
An output delay is missing on LED[0] relative to clock(s) sys_clk_pin
Related violations: <none>

TIMING-18#2 Warning
Missing input or output delay  
An output delay is missing on LED[1] relative to clock(s) sys_clk_pin
Related violations: <none>

TIMING-18#3 Warning
Missing input or output delay  
An output delay is missing on LED[2] relative to clock(s) sys_clk_pin
Related violations: <none>

TIMING-18#4 Warning
Missing input or output delay  
An output delay is missing on LED[3] relative to clock(s) sys_clk_pin
Related violations: <none>

TIMING-18#5 Warning
Missing input or output delay  
An output delay is missing on LED[4] relative to clock(s) sys_clk_pin
Related violations: <none>

TIMING-18#6 Warning
Missing input or output delay  
An output delay is missing on LED[5] relative to clock(s) sys_clk_pin
Related violations: <none>

TIMING-18#7 Warning
Missing input or output delay  
An output delay is missing on LED[6] relative to clock(s) sys_clk_pin
Related violations: <none>

TIMING-18#8 Warning
Missing input or output delay  
An output delay is missing on anode[0] relative to clock(s) sys_clk_pin
Related violations: <none>

TIMING-18#9 Warning
Missing input or output delay  
An output delay is missing on anode[1] relative to clock(s) sys_clk_pin
Related violations: <none>

TIMING-18#10 Warning
Missing input or output delay  
An output delay is missing on anode[2] relative to clock(s) sys_clk_pin
Related violations: <none>

TIMING-18#11 Warning
Missing input or output delay  
An output delay is missing on anode[3] relative to clock(s) sys_clk_pin
Related violations: <none>

TIMING-20#1 Warning
Non-clocked latch  
The latch bit_counter_reg[0] cannot be properly analyzed as its control pin bit_counter_reg[0]/G is not reached by a timing clock
Related violations: <none>

TIMING-20#2 Warning
Non-clocked latch  
The latch bit_counter_reg[10] cannot be properly analyzed as its control pin bit_counter_reg[10]/G is not reached by a timing clock
Related violations: <none>

TIMING-20#3 Warning
Non-clocked latch  
The latch bit_counter_reg[11] cannot be properly analyzed as its control pin bit_counter_reg[11]/G is not reached by a timing clock
Related violations: <none>

TIMING-20#4 Warning
Non-clocked latch  
The latch bit_counter_reg[12] cannot be properly analyzed as its control pin bit_counter_reg[12]/G is not reached by a timing clock
Related violations: <none>

TIMING-20#5 Warning
Non-clocked latch  
The latch bit_counter_reg[13] cannot be properly analyzed as its control pin bit_counter_reg[13]/G is not reached by a timing clock
Related violations: <none>

TIMING-20#6 Warning
Non-clocked latch  
The latch bit_counter_reg[14] cannot be properly analyzed as its control pin bit_counter_reg[14]/G is not reached by a timing clock
Related violations: <none>

TIMING-20#7 Warning
Non-clocked latch  
The latch bit_counter_reg[15] cannot be properly analyzed as its control pin bit_counter_reg[15]/G is not reached by a timing clock
Related violations: <none>

TIMING-20#8 Warning
Non-clocked latch  
The latch bit_counter_reg[16] cannot be properly analyzed as its control pin bit_counter_reg[16]/G is not reached by a timing clock
Related violations: <none>

TIMING-20#9 Warning
Non-clocked latch  
The latch bit_counter_reg[17] cannot be properly analyzed as its control pin bit_counter_reg[17]/G is not reached by a timing clock
Related violations: <none>

TIMING-20#10 Warning
Non-clocked latch  
The latch bit_counter_reg[18] cannot be properly analyzed as its control pin bit_counter_reg[18]/G is not reached by a timing clock
Related violations: <none>

TIMING-20#11 Warning
Non-clocked latch  
The latch bit_counter_reg[19] cannot be properly analyzed as its control pin bit_counter_reg[19]/G is not reached by a timing clock
Related violations: <none>

TIMING-20#12 Warning
Non-clocked latch  
The latch bit_counter_reg[1] cannot be properly analyzed as its control pin bit_counter_reg[1]/G is not reached by a timing clock
Related violations: <none>

TIMING-20#13 Warning
Non-clocked latch  
The latch bit_counter_reg[20] cannot be properly analyzed as its control pin bit_counter_reg[20]/G is not reached by a timing clock
Related violations: <none>

TIMING-20#14 Warning
Non-clocked latch  
The latch bit_counter_reg[21] cannot be properly analyzed as its control pin bit_counter_reg[21]/G is not reached by a timing clock
Related violations: <none>

TIMING-20#15 Warning
Non-clocked latch  
The latch bit_counter_reg[22] cannot be properly analyzed as its control pin bit_counter_reg[22]/G is not reached by a timing clock
Related violations: <none>

TIMING-20#16 Warning
Non-clocked latch  
The latch bit_counter_reg[23] cannot be properly analyzed as its control pin bit_counter_reg[23]/G is not reached by a timing clock
Related violations: <none>

TIMING-20#17 Warning
Non-clocked latch  
The latch bit_counter_reg[24] cannot be properly analyzed as its control pin bit_counter_reg[24]/G is not reached by a timing clock
Related violations: <none>

TIMING-20#18 Warning
Non-clocked latch  
The latch bit_counter_reg[25] cannot be properly analyzed as its control pin bit_counter_reg[25]/G is not reached by a timing clock
Related violations: <none>

TIMING-20#19 Warning
Non-clocked latch  
The latch bit_counter_reg[26] cannot be properly analyzed as its control pin bit_counter_reg[26]/G is not reached by a timing clock
Related violations: <none>

TIMING-20#20 Warning
Non-clocked latch  
The latch bit_counter_reg[27] cannot be properly analyzed as its control pin bit_counter_reg[27]/G is not reached by a timing clock
Related violations: <none>

TIMING-20#21 Warning
Non-clocked latch  
The latch bit_counter_reg[28] cannot be properly analyzed as its control pin bit_counter_reg[28]/G is not reached by a timing clock
Related violations: <none>

TIMING-20#22 Warning
Non-clocked latch  
The latch bit_counter_reg[29] cannot be properly analyzed as its control pin bit_counter_reg[29]/G is not reached by a timing clock
Related violations: <none>

TIMING-20#23 Warning
Non-clocked latch  
The latch bit_counter_reg[2] cannot be properly analyzed as its control pin bit_counter_reg[2]/G is not reached by a timing clock
Related violations: <none>

TIMING-20#24 Warning
Non-clocked latch  
The latch bit_counter_reg[30] cannot be properly analyzed as its control pin bit_counter_reg[30]/G is not reached by a timing clock
Related violations: <none>

TIMING-20#25 Warning
Non-clocked latch  
The latch bit_counter_reg[31] cannot be properly analyzed as its control pin bit_counter_reg[31]/G is not reached by a timing clock
Related violations: <none>

TIMING-20#26 Warning
Non-clocked latch  
The latch bit_counter_reg[3] cannot be properly analyzed as its control pin bit_counter_reg[3]/G is not reached by a timing clock
Related violations: <none>

TIMING-20#27 Warning
Non-clocked latch  
The latch bit_counter_reg[4] cannot be properly analyzed as its control pin bit_counter_reg[4]/G is not reached by a timing clock
Related violations: <none>

TIMING-20#28 Warning
Non-clocked latch  
The latch bit_counter_reg[5] cannot be properly analyzed as its control pin bit_counter_reg[5]/G is not reached by a timing clock
Related violations: <none>

TIMING-20#29 Warning
Non-clocked latch  
The latch bit_counter_reg[6] cannot be properly analyzed as its control pin bit_counter_reg[6]/G is not reached by a timing clock
Related violations: <none>

TIMING-20#30 Warning
Non-clocked latch  
The latch bit_counter_reg[7] cannot be properly analyzed as its control pin bit_counter_reg[7]/G is not reached by a timing clock
Related violations: <none>

TIMING-20#31 Warning
Non-clocked latch  
The latch bit_counter_reg[8] cannot be properly analyzed as its control pin bit_counter_reg[8]/G is not reached by a timing clock
Related violations: <none>

TIMING-20#32 Warning
Non-clocked latch  
The latch bit_counter_reg[9] cannot be properly analyzed as its control pin bit_counter_reg[9]/G is not reached by a timing clock
Related violations: <none>

TIMING-20#33 Warning
Non-clocked latch  
The latch i_reg[0] cannot be properly analyzed as its control pin i_reg[0]/G is not reached by a timing clock
Related violations: <none>

TIMING-20#34 Warning
Non-clocked latch  
The latch i_reg[1] cannot be properly analyzed as its control pin i_reg[1]/G is not reached by a timing clock
Related violations: <none>

TIMING-20#35 Warning
Non-clocked latch  
The latch i_reg[2] cannot be properly analyzed as its control pin i_reg[2]/G is not reached by a timing clock
Related violations: <none>

TIMING-20#36 Warning
Non-clocked latch  
The latch i_reg[3] cannot be properly analyzed as its control pin i_reg[3]/G is not reached by a timing clock
Related violations: <none>

TIMING-20#37 Warning
Non-clocked latch  
The latch present_state_reg cannot be properly analyzed as its control pin present_state_reg/G is not reached by a timing clock
Related violations: <none>

TIMING-20#38 Warning
Non-clocked latch  
The latch sample_counter_reg[0] cannot be properly analyzed as its control pin sample_counter_reg[0]/G is not reached by a timing clock
Related violations: <none>

TIMING-20#39 Warning
Non-clocked latch  
The latch sample_counter_reg[10] cannot be properly analyzed as its control pin sample_counter_reg[10]/G is not reached by a timing clock
Related violations: <none>

TIMING-20#40 Warning
Non-clocked latch  
The latch sample_counter_reg[11] cannot be properly analyzed as its control pin sample_counter_reg[11]/G is not reached by a timing clock
Related violations: <none>

TIMING-20#41 Warning
Non-clocked latch  
The latch sample_counter_reg[12] cannot be properly analyzed as its control pin sample_counter_reg[12]/G is not reached by a timing clock
Related violations: <none>

TIMING-20#42 Warning
Non-clocked latch  
The latch sample_counter_reg[13] cannot be properly analyzed as its control pin sample_counter_reg[13]/G is not reached by a timing clock
Related violations: <none>

TIMING-20#43 Warning
Non-clocked latch  
The latch sample_counter_reg[14] cannot be properly analyzed as its control pin sample_counter_reg[14]/G is not reached by a timing clock
Related violations: <none>

TIMING-20#44 Warning
Non-clocked latch  
The latch sample_counter_reg[15] cannot be properly analyzed as its control pin sample_counter_reg[15]/G is not reached by a timing clock
Related violations: <none>

TIMING-20#45 Warning
Non-clocked latch  
The latch sample_counter_reg[16] cannot be properly analyzed as its control pin sample_counter_reg[16]/G is not reached by a timing clock
Related violations: <none>

TIMING-20#46 Warning
Non-clocked latch  
The latch sample_counter_reg[17] cannot be properly analyzed as its control pin sample_counter_reg[17]/G is not reached by a timing clock
Related violations: <none>

TIMING-20#47 Warning
Non-clocked latch  
The latch sample_counter_reg[18] cannot be properly analyzed as its control pin sample_counter_reg[18]/G is not reached by a timing clock
Related violations: <none>

TIMING-20#48 Warning
Non-clocked latch  
The latch sample_counter_reg[19] cannot be properly analyzed as its control pin sample_counter_reg[19]/G is not reached by a timing clock
Related violations: <none>

TIMING-20#49 Warning
Non-clocked latch  
The latch sample_counter_reg[1] cannot be properly analyzed as its control pin sample_counter_reg[1]/G is not reached by a timing clock
Related violations: <none>

TIMING-20#50 Warning
Non-clocked latch  
The latch sample_counter_reg[20] cannot be properly analyzed as its control pin sample_counter_reg[20]/G is not reached by a timing clock
Related violations: <none>

TIMING-20#51 Warning
Non-clocked latch  
The latch sample_counter_reg[21] cannot be properly analyzed as its control pin sample_counter_reg[21]/G is not reached by a timing clock
Related violations: <none>

TIMING-20#52 Warning
Non-clocked latch  
The latch sample_counter_reg[22] cannot be properly analyzed as its control pin sample_counter_reg[22]/G is not reached by a timing clock
Related violations: <none>

TIMING-20#53 Warning
Non-clocked latch  
The latch sample_counter_reg[23] cannot be properly analyzed as its control pin sample_counter_reg[23]/G is not reached by a timing clock
Related violations: <none>

TIMING-20#54 Warning
Non-clocked latch  
The latch sample_counter_reg[24] cannot be properly analyzed as its control pin sample_counter_reg[24]/G is not reached by a timing clock
Related violations: <none>

TIMING-20#55 Warning
Non-clocked latch  
The latch sample_counter_reg[25] cannot be properly analyzed as its control pin sample_counter_reg[25]/G is not reached by a timing clock
Related violations: <none>

TIMING-20#56 Warning
Non-clocked latch  
The latch sample_counter_reg[26] cannot be properly analyzed as its control pin sample_counter_reg[26]/G is not reached by a timing clock
Related violations: <none>

TIMING-20#57 Warning
Non-clocked latch  
The latch sample_counter_reg[27] cannot be properly analyzed as its control pin sample_counter_reg[27]/G is not reached by a timing clock
Related violations: <none>

TIMING-20#58 Warning
Non-clocked latch  
The latch sample_counter_reg[28] cannot be properly analyzed as its control pin sample_counter_reg[28]/G is not reached by a timing clock
Related violations: <none>

TIMING-20#59 Warning
Non-clocked latch  
The latch sample_counter_reg[29] cannot be properly analyzed as its control pin sample_counter_reg[29]/G is not reached by a timing clock
Related violations: <none>

TIMING-20#60 Warning
Non-clocked latch  
The latch sample_counter_reg[2] cannot be properly analyzed as its control pin sample_counter_reg[2]/G is not reached by a timing clock
Related violations: <none>

TIMING-20#61 Warning
Non-clocked latch  
The latch sample_counter_reg[30] cannot be properly analyzed as its control pin sample_counter_reg[30]/G is not reached by a timing clock
Related violations: <none>

TIMING-20#62 Warning
Non-clocked latch  
The latch sample_counter_reg[31] cannot be properly analyzed as its control pin sample_counter_reg[31]/G is not reached by a timing clock
Related violations: <none>

TIMING-20#63 Warning
Non-clocked latch  
The latch sample_counter_reg[3] cannot be properly analyzed as its control pin sample_counter_reg[3]/G is not reached by a timing clock
Related violations: <none>

TIMING-20#64 Warning
Non-clocked latch  
The latch sample_counter_reg[4] cannot be properly analyzed as its control pin sample_counter_reg[4]/G is not reached by a timing clock
Related violations: <none>

TIMING-20#65 Warning
Non-clocked latch  
The latch sample_counter_reg[5] cannot be properly analyzed as its control pin sample_counter_reg[5]/G is not reached by a timing clock
Related violations: <none>

TIMING-20#66 Warning
Non-clocked latch  
The latch sample_counter_reg[6] cannot be properly analyzed as its control pin sample_counter_reg[6]/G is not reached by a timing clock
Related violations: <none>

TIMING-20#67 Warning
Non-clocked latch  
The latch sample_counter_reg[7] cannot be properly analyzed as its control pin sample_counter_reg[7]/G is not reached by a timing clock
Related violations: <none>

TIMING-20#68 Warning
Non-clocked latch  
The latch sample_counter_reg[8] cannot be properly analyzed as its control pin sample_counter_reg[8]/G is not reached by a timing clock
Related violations: <none>

TIMING-20#69 Warning
Non-clocked latch  
The latch sample_counter_reg[9] cannot be properly analyzed as its control pin sample_counter_reg[9]/G is not reached by a timing clock
Related violations: <none>

TIMING-20#70 Warning
Non-clocked latch  
The latch shift_reg_reg[1] cannot be properly analyzed as its control pin shift_reg_reg[1]/G is not reached by a timing clock
Related violations: <none>

TIMING-20#71 Warning
Non-clocked latch  
The latch shift_reg_reg[2] cannot be properly analyzed as its control pin shift_reg_reg[2]/G is not reached by a timing clock
Related violations: <none>

TIMING-20#72 Warning
Non-clocked latch  
The latch shift_reg_reg[3] cannot be properly analyzed as its control pin shift_reg_reg[3]/G is not reached by a timing clock
Related violations: <none>

TIMING-20#73 Warning
Non-clocked latch  
The latch shift_reg_reg[4] cannot be properly analyzed as its control pin shift_reg_reg[4]/G is not reached by a timing clock
Related violations: <none>

TIMING-20#74 Warning
Non-clocked latch  
The latch shift_reg_reg[5] cannot be properly analyzed as its control pin shift_reg_reg[5]/G is not reached by a timing clock
Related violations: <none>

TIMING-20#75 Warning
Non-clocked latch  
The latch shift_reg_reg[6] cannot be properly analyzed as its control pin shift_reg_reg[6]/G is not reached by a timing clock
Related violations: <none>

TIMING-20#76 Warning
Non-clocked latch  
The latch shift_reg_reg[7] cannot be properly analyzed as its control pin shift_reg_reg[7]/G is not reached by a timing clock
Related violations: <none>

TIMING-20#77 Warning
Non-clocked latch  
The latch shift_reg_reg[8] cannot be properly analyzed as its control pin shift_reg_reg[8]/G is not reached by a timing clock
Related violations: <none>

TIMING-23#1 Warning
Combinational loop found  
A timing loop has been detected on a combinational path. A timing arc has been disabled between n_0_242_BUFG_inst_i_11/S[0] and n_0_242_BUFG_inst_i_11/CO[3] to disable the timing loop
Related violations: <none>

TIMING-23#2 Warning
Combinational loop found  
A timing loop has been detected on a combinational path. A timing arc has been disabled between n_0_242_BUFG_inst_i_20/S[0] and n_0_242_BUFG_inst_i_20/O[0] to disable the timing loop
Related violations: <none>

TIMING-23#3 Warning
Combinational loop found  
A timing loop has been detected on a combinational path. A timing arc has been disabled between n_0_242_BUFG_inst_i_20/S[1] and n_0_242_BUFG_inst_i_20/O[1] to disable the timing loop
Related violations: <none>

TIMING-23#4 Warning
Combinational loop found  
A timing loop has been detected on a combinational path. A timing arc has been disabled between n_0_242_BUFG_inst_i_21/S[0] and n_0_242_BUFG_inst_i_21/O[0] to disable the timing loop
Related violations: <none>

TIMING-23#5 Warning
Combinational loop found  
A timing loop has been detected on a combinational path. A timing arc has been disabled between n_0_242_BUFG_inst_i_21/S[1] and n_0_242_BUFG_inst_i_21/O[1] to disable the timing loop
Related violations: <none>

TIMING-23#6 Warning
Combinational loop found  
A timing loop has been detected on a combinational path. A timing arc has been disabled between n_0_242_BUFG_inst_i_22/S[0] and n_0_242_BUFG_inst_i_22/O[0] to disable the timing loop
Related violations: <none>

TIMING-23#7 Warning
Combinational loop found  
A timing loop has been detected on a combinational path. A timing arc has been disabled between n_0_242_BUFG_inst_i_22/S[1] and n_0_242_BUFG_inst_i_22/O[1] to disable the timing loop
Related violations: <none>

TIMING-23#8 Warning
Combinational loop found  
A timing loop has been detected on a combinational path. A timing arc has been disabled between n_0_242_BUFG_inst_i_32/S[0] and n_0_242_BUFG_inst_i_32/O[0] to disable the timing loop
Related violations: <none>

TIMING-23#9 Warning
Combinational loop found  
A timing loop has been detected on a combinational path. A timing arc has been disabled between n_0_242_BUFG_inst_i_32/S[1] and n_0_242_BUFG_inst_i_32/O[1] to disable the timing loop
Related violations: <none>

TIMING-23#10 Warning
Combinational loop found  
A timing loop has been detected on a combinational path. A timing arc has been disabled between n_0_242_BUFG_inst_i_33/S[0] and n_0_242_BUFG_inst_i_33/O[0] to disable the timing loop
Related violations: <none>

TIMING-23#11 Warning
Combinational loop found  
A timing loop has been detected on a combinational path. A timing arc has been disabled between n_0_242_BUFG_inst_i_33/S[1] and n_0_242_BUFG_inst_i_33/O[1] to disable the timing loop
Related violations: <none>

TIMING-23#12 Warning
Combinational loop found  
A timing loop has been detected on a combinational path. A timing arc has been disabled between n_0_242_BUFG_inst_i_53/S[0] and n_0_242_BUFG_inst_i_53/O[0] to disable the timing loop
Related violations: <none>

TIMING-23#13 Warning
Combinational loop found  
A timing loop has been detected on a combinational path. A timing arc has been disabled between n_0_242_BUFG_inst_i_53/S[1] and n_0_242_BUFG_inst_i_53/O[1] to disable the timing loop
Related violations: <none>

TIMING-23#14 Warning
Combinational loop found  
A timing loop has been detected on a combinational path. A timing arc has been disabled between n_0_242_BUFG_inst_i_54/S[1] and n_0_242_BUFG_inst_i_54/O[1] to disable the timing loop
Related violations: <none>


