Copyright 1986-2019 Xilinx, Inc. All Rights Reserved.
--------------------------------------------------------------------------------------------------------------------------------------------------------------------------
| Tool Version : Vivado v.2019.1 (lin64) Build 2552052 Fri May 24 14:47:09 MDT 2019
| Date         : Wed May 11 15:21:50 2022
| Host         : divyanshu-HP-ENVY-x360-Convertible-13-bd0xxx running 64-bit Ubuntu 20.04.2 LTS
| Command      : report_methodology -file lightDisplay_methodology_drc_routed.rpt -pb lightDisplay_methodology_drc_routed.pb -rpx lightDisplay_methodology_drc_routed.rpx
| Design       : lightDisplay
| Device       : xc7a35tcpg236-2
| Speed File   : -2
| Design State : Fully Routed
--------------------------------------------------------------------------------------------------------------------------------------------------------------------------

Report Methodology

Table of Contents
-----------------
1. REPORT SUMMARY
2. REPORT DETAILS

1. REPORT SUMMARY
-----------------
            Netlist: netlist
          Floorplan: design_1
      Design limits: <entire design considered>
             Max violations: <unlimited>
             Violations found: 27
+-----------+----------+-------------------------------+------------+
| Rule      | Severity | Description                   | Violations |
+-----------+----------+-------------------------------+------------+
| TIMING-18 | Warning  | Missing input or output delay | 11         |
| TIMING-20 | Warning  | Non-clocked latch             | 16         |
+-----------+----------+-------------------------------+------------+

2. REPORT DETAILS
-----------------
TIMING-18#1 Warning
Missing input or output delay  
An output delay is missing on LED[0] relative to clock(s) sys_clk_pin
Related violations: <none>

TIMING-18#2 Warning
Missing input or output delay  
An output delay is missing on LED[1] relative to clock(s) sys_clk_pin
Related violations: <none>

TIMING-18#3 Warning
Missing input or output delay  
An output delay is missing on LED[2] relative to clock(s) sys_clk_pin
Related violations: <none>

TIMING-18#4 Warning
Missing input or output delay  
An output delay is missing on LED[3] relative to clock(s) sys_clk_pin
Related violations: <none>

TIMING-18#5 Warning
Missing input or output delay  
An output delay is missing on LED[4] relative to clock(s) sys_clk_pin
Related violations: <none>

TIMING-18#6 Warning
Missing input or output delay  
An output delay is missing on LED[5] relative to clock(s) sys_clk_pin
Related violations: <none>

TIMING-18#7 Warning
Missing input or output delay  
An output delay is missing on LED[6] relative to clock(s) sys_clk_pin
Related violations: <none>

TIMING-18#8 Warning
Missing input or output delay  
An output delay is missing on anode[0] relative to clock(s) sys_clk_pin
Related violations: <none>

TIMING-18#9 Warning
Missing input or output delay  
An output delay is missing on anode[1] relative to clock(s) sys_clk_pin
Related violations: <none>

TIMING-18#10 Warning
Missing input or output delay  
An output delay is missing on anode[2] relative to clock(s) sys_clk_pin
Related violations: <none>

TIMING-18#11 Warning
Missing input or output delay  
An output delay is missing on anode[3] relative to clock(s) sys_clk_pin
Related violations: <none>

TIMING-20#1 Warning
Non-clocked latch  
The latch Sampled_number_reg[0] cannot be properly analyzed as its control pin Sampled_number_reg[0]/G is not reached by a timing clock
Related violations: <none>

TIMING-20#2 Warning
Non-clocked latch  
The latch Sampled_number_reg[10] cannot be properly analyzed as its control pin Sampled_number_reg[10]/G is not reached by a timing clock
Related violations: <none>

TIMING-20#3 Warning
Non-clocked latch  
The latch Sampled_number_reg[11] cannot be properly analyzed as its control pin Sampled_number_reg[11]/G is not reached by a timing clock
Related violations: <none>

TIMING-20#4 Warning
Non-clocked latch  
The latch Sampled_number_reg[12] cannot be properly analyzed as its control pin Sampled_number_reg[12]/G is not reached by a timing clock
Related violations: <none>

TIMING-20#5 Warning
Non-clocked latch  
The latch Sampled_number_reg[13] cannot be properly analyzed as its control pin Sampled_number_reg[13]/G is not reached by a timing clock
Related violations: <none>

TIMING-20#6 Warning
Non-clocked latch  
The latch Sampled_number_reg[14] cannot be properly analyzed as its control pin Sampled_number_reg[14]/G is not reached by a timing clock
Related violations: <none>

TIMING-20#7 Warning
Non-clocked latch  
The latch Sampled_number_reg[15] cannot be properly analyzed as its control pin Sampled_number_reg[15]/G is not reached by a timing clock
Related violations: <none>

TIMING-20#8 Warning
Non-clocked latch  
The latch Sampled_number_reg[1] cannot be properly analyzed as its control pin Sampled_number_reg[1]/G is not reached by a timing clock
Related violations: <none>

TIMING-20#9 Warning
Non-clocked latch  
The latch Sampled_number_reg[2] cannot be properly analyzed as its control pin Sampled_number_reg[2]/G is not reached by a timing clock
Related violations: <none>

TIMING-20#10 Warning
Non-clocked latch  
The latch Sampled_number_reg[3] cannot be properly analyzed as its control pin Sampled_number_reg[3]/G is not reached by a timing clock
Related violations: <none>

TIMING-20#11 Warning
Non-clocked latch  
The latch Sampled_number_reg[4] cannot be properly analyzed as its control pin Sampled_number_reg[4]/G is not reached by a timing clock
Related violations: <none>

TIMING-20#12 Warning
Non-clocked latch  
The latch Sampled_number_reg[5] cannot be properly analyzed as its control pin Sampled_number_reg[5]/G is not reached by a timing clock
Related violations: <none>

TIMING-20#13 Warning
Non-clocked latch  
The latch Sampled_number_reg[6] cannot be properly analyzed as its control pin Sampled_number_reg[6]/G is not reached by a timing clock
Related violations: <none>

TIMING-20#14 Warning
Non-clocked latch  
The latch Sampled_number_reg[7] cannot be properly analyzed as its control pin Sampled_number_reg[7]/G is not reached by a timing clock
Related violations: <none>

TIMING-20#15 Warning
Non-clocked latch  
The latch Sampled_number_reg[8] cannot be properly analyzed as its control pin Sampled_number_reg[8]/G is not reached by a timing clock
Related violations: <none>

TIMING-20#16 Warning
Non-clocked latch  
The latch Sampled_number_reg[9] cannot be properly analyzed as its control pin Sampled_number_reg[9]/G is not reached by a timing clock
Related violations: <none>


