
*** Running vivado
    with args -log design.vds -m64 -product Vivado -mode batch -messageDb vivado.pb -notrace -source design.tcl


****** Vivado v2019.1 (64-bit)
  **** SW Build 2552052 on Fri May 24 14:47:09 MDT 2019
  **** IP Build 2548770 on Fri May 24 18:01:18 MDT 2019
    ** Copyright 1986-2019 Xilinx, Inc. All Rights Reserved.

source design.tcl -notrace
Command: synth_design -top design -part xc7a35tcpg236-2
Starting synth_design
Attempting to get a license for feature 'Synthesis' and/or device 'xc7a35t'
INFO: [Common 17-349] Got license for feature 'Synthesis' and/or device 'xc7a35t'
INFO: [Device 21-403] Loading part xc7a35tcpg236-2
INFO: Launching helper process for spawning children vivado processes
INFO: Helper process launched with PID 251675 
---------------------------------------------------------------------------------
Starting RTL Elaboration : Time (s): cpu = 00:00:01 ; elapsed = 00:00:02 . Memory (MB): peak = 1653.078 ; gain = 151.719 ; free physical = 7563 ; free virtual = 13309
---------------------------------------------------------------------------------
INFO: [Synth 8-638] synthesizing module '\design ' [/home/tanish/Desktop/GitHub/COL215/Assignment-8/Assignment-8.srcs/sources_1/new/design.vhd:16]
WARNING: [Synth 8-614] signal 'done' is read in the process but is not in the sensitivity list [/home/tanish/Desktop/GitHub/COL215/Assignment-8/Assignment-8.srcs/sources_1/new/design.vhd:23]
WARNING: [Synth 8-614] signal 'serial_data' is read in the process but is not in the sensitivity list [/home/tanish/Desktop/GitHub/COL215/Assignment-8/Assignment-8.srcs/sources_1/new/design.vhd:23]
INFO: [Synth 8-638] synthesizing module 'receiver' [/home/tanish/Desktop/GitHub/COL215/Assignment-8/Assignment-8.srcs/sources_1/new/receiver.vhd:23]
	Parameter clks_per_bit bound to: 10416 - type: integer 
INFO: [Synth 8-638] synthesizing module 'lightDisplay' [/home/tanish/Desktop/GitHub/COL215/Assignment-8/Assignment-8.srcs/sources_1/new/multiDisplay.vhd:14]
INFO: [Synth 8-638] synthesizing module 'singleDisplay' [/home/tanish/Desktop/GitHub/COL215/Assignment-8/Assignment-8.srcs/sources_1/new/helper.vhd:22]
INFO: [Synth 8-256] done synthesizing module 'singleDisplay' (1#1) [/home/tanish/Desktop/GitHub/COL215/Assignment-8/Assignment-8.srcs/sources_1/new/helper.vhd:22]
INFO: [Synth 8-256] done synthesizing module 'lightDisplay' (2#1) [/home/tanish/Desktop/GitHub/COL215/Assignment-8/Assignment-8.srcs/sources_1/new/multiDisplay.vhd:14]
INFO: [Synth 8-256] done synthesizing module 'receiver' (3#1) [/home/tanish/Desktop/GitHub/COL215/Assignment-8/Assignment-8.srcs/sources_1/new/receiver.vhd:23]
INFO: [Synth 8-638] synthesizing module 'transmitter' [/home/tanish/Desktop/GitHub/COL215/Assignment-8/Assignment-8.srcs/sources_1/new/transmitter.vhd:19]
	Parameter clks_per_bit bound to: 10416 - type: integer 
INFO: [Synth 8-256] done synthesizing module 'transmitter' (4#1) [/home/tanish/Desktop/GitHub/COL215/Assignment-8/Assignment-8.srcs/sources_1/new/transmitter.vhd:19]
INFO: [Synth 8-256] done synthesizing module '\design ' (5#1) [/home/tanish/Desktop/GitHub/COL215/Assignment-8/Assignment-8.srcs/sources_1/new/design.vhd:16]
---------------------------------------------------------------------------------
Finished RTL Elaboration : Time (s): cpu = 00:00:02 ; elapsed = 00:00:03 . Memory (MB): peak = 1707.828 ; gain = 206.469 ; free physical = 7586 ; free virtual = 13333
---------------------------------------------------------------------------------

Report Check Netlist: 
+------+------------------+-------+---------+-------+------------------+
|      |Item              |Errors |Warnings |Status |Description       |
+------+------------------+-------+---------+-------+------------------+
|1     |multi_driven_nets |      0|        0|Passed |Multi driven nets |
+------+------------------+-------+---------+-------+------------------+
---------------------------------------------------------------------------------
Start Handling Custom Attributes
---------------------------------------------------------------------------------
---------------------------------------------------------------------------------
Finished Handling Custom Attributes : Time (s): cpu = 00:00:02 ; elapsed = 00:00:03 . Memory (MB): peak = 1710.797 ; gain = 209.438 ; free physical = 7583 ; free virtual = 13330
---------------------------------------------------------------------------------
---------------------------------------------------------------------------------
Finished RTL Optimization Phase 1 : Time (s): cpu = 00:00:02 ; elapsed = 00:00:03 . Memory (MB): peak = 1710.797 ; gain = 209.438 ; free physical = 7583 ; free virtual = 13330
---------------------------------------------------------------------------------
INFO: [Project 1-570] Preparing netlist for logic optimization

Processing XDC Constraints
Initializing timing engine
Parsing XDC File [/home/tanish/Desktop/GitHub/COL215/Assignment-8/Assignment-8.srcs/constrs_1/new/constraints.xdc]
WARNING: [Vivado 12-507] No nets matched 'counter[0]'. [/home/tanish/Desktop/GitHub/COL215/Assignment-8/Assignment-8.srcs/constrs_1/new/constraints.xdc:300]
CRITICAL WARNING: [Common 17-55] 'set_property' expects at least one object. [/home/tanish/Desktop/GitHub/COL215/Assignment-8/Assignment-8.srcs/constrs_1/new/constraints.xdc:300]
Resolution: If [get_<value>] was used to populate the object, check to make sure this command returns at least one valid object.
Finished Parsing XDC File [/home/tanish/Desktop/GitHub/COL215/Assignment-8/Assignment-8.srcs/constrs_1/new/constraints.xdc]
INFO: [Project 1-236] Implementation specific constraints were found while reading constraint file [/home/tanish/Desktop/GitHub/COL215/Assignment-8/Assignment-8.srcs/constrs_1/new/constraints.xdc]. These constraints will be ignored for synthesis but will be used in implementation. Impacted constraints are listed in the file [.Xil/\design _propImpl.xdc].
Resolution: To avoid this warning, move constraints listed in [.Xil/\design _propImpl.xdc] to another XDC file and exclude this new file from synthesis with the used_in_synthesis property (File Properties dialog in GUI) and re-run elaboration/synthesis.
Completed Processing XDC Constraints

Netlist sorting complete. Time (s): cpu = 00:00:00 ; elapsed = 00:00:00 . Memory (MB): peak = 1887.516 ; gain = 0.000 ; free physical = 7489 ; free virtual = 13236
INFO: [Project 1-111] Unisim Transformation Summary:
No Unisim elements were transformed.

Constraint Validation Runtime : Time (s): cpu = 00:00:00 ; elapsed = 00:00:00 . Memory (MB): peak = 1887.516 ; gain = 0.000 ; free physical = 7489 ; free virtual = 13236
---------------------------------------------------------------------------------
Finished Constraint Validation : Time (s): cpu = 00:00:05 ; elapsed = 00:00:06 . Memory (MB): peak = 1887.516 ; gain = 386.156 ; free physical = 7553 ; free virtual = 13299
---------------------------------------------------------------------------------
---------------------------------------------------------------------------------
Start Loading Part and Timing Information
---------------------------------------------------------------------------------
Loading part: xc7a35tcpg236-2
---------------------------------------------------------------------------------
Finished Loading Part and Timing Information : Time (s): cpu = 00:00:05 ; elapsed = 00:00:06 . Memory (MB): peak = 1887.516 ; gain = 386.156 ; free physical = 7553 ; free virtual = 13299
---------------------------------------------------------------------------------
---------------------------------------------------------------------------------
Start Applying 'set_property' XDC Constraints
---------------------------------------------------------------------------------
---------------------------------------------------------------------------------
Finished applying 'set_property' XDC Constraints : Time (s): cpu = 00:00:05 ; elapsed = 00:00:06 . Memory (MB): peak = 1887.516 ; gain = 386.156 ; free physical = 7553 ; free virtual = 13299
---------------------------------------------------------------------------------
INFO: [Synth 8-5545] ROM "anode" won't be mapped to RAM because address size (32) is larger than maximum supported(25)
INFO: [Synth 8-5545] ROM "light_num" won't be mapped to RAM because address size (32) is larger than maximum supported(25)
INFO: [Synth 8-802] inferred FSM for state register 'state_reg' in module 'receiver'
INFO: [Synth 8-802] inferred FSM for state register 'state_reg' in module 'transmitter'
---------------------------------------------------------------------------------------------------
                   State |                     New Encoding |                Previous Encoding 
---------------------------------------------------------------------------------------------------
                    idle |                              000 |                              000
               start_bit |                              001 |                              001
               data_bits |                              010 |                              011
                stop_bit |                              011 |                              010
             reset_check |                              100 |                              100
---------------------------------------------------------------------------------------------------
INFO: [Synth 8-3354] encoded FSM with state register 'state_reg' using encoding 'sequential' in module 'receiver'
---------------------------------------------------------------------------------------------------
                   State |                     New Encoding |                Previous Encoding 
---------------------------------------------------------------------------------------------------
                    idle |                              000 |                              000
               start_bit |                              001 |                              001
               data_bits |                              010 |                              011
                stop_bit |                              011 |                              010
             reset_check |                              100 |                              100
---------------------------------------------------------------------------------------------------
INFO: [Synth 8-3354] encoded FSM with state register 'state_reg' using encoding 'sequential' in module 'transmitter'
WARNING: [Synth 8-327] inferring latch for variable 'inbyte_reg' [/home/tanish/Desktop/GitHub/COL215/Assignment-8/Assignment-8.srcs/sources_1/new/design.vhd:26]
---------------------------------------------------------------------------------
Finished RTL Optimization Phase 2 : Time (s): cpu = 00:00:05 ; elapsed = 00:00:06 . Memory (MB): peak = 1887.516 ; gain = 386.156 ; free physical = 7544 ; free virtual = 13290
---------------------------------------------------------------------------------

Report RTL Partitions: 
+-+--------------+------------+----------+
| |RTL Partition |Replication |Instances |
+-+--------------+------------+----------+
+-+--------------+------------+----------+
---------------------------------------------------------------------------------
Start RTL Component Statistics 
---------------------------------------------------------------------------------
Detailed RTL Component Info : 
+---Adders : 
	   2 Input     31 Bit       Adders := 1     
	   2 Input     14 Bit       Adders := 2     
	   2 Input      3 Bit       Adders := 3     
+---Registers : 
	               32 Bit    Registers := 1     
	               16 Bit    Registers := 1     
	               14 Bit    Registers := 2     
	                8 Bit    Registers := 2     
	                3 Bit    Registers := 2     
	                1 Bit    Registers := 8     
+---Muxes : 
	   2 Input     31 Bit        Muxes := 1     
	   2 Input     16 Bit        Muxes := 1     
	   5 Input     16 Bit        Muxes := 2     
	   2 Input     14 Bit        Muxes := 2     
	   5 Input     14 Bit        Muxes := 2     
	   2 Input      4 Bit        Muxes := 1     
	   4 Input      4 Bit        Muxes := 1     
	   2 Input      3 Bit        Muxes := 17    
	   4 Input      3 Bit        Muxes := 1     
	   5 Input      3 Bit        Muxes := 2     
	   4 Input      1 Bit        Muxes := 4     
	   2 Input      1 Bit        Muxes := 12    
	   5 Input      1 Bit        Muxes := 11    
---------------------------------------------------------------------------------
Finished RTL Component Statistics 
---------------------------------------------------------------------------------
---------------------------------------------------------------------------------
Start RTL Hierarchical Component Statistics 
---------------------------------------------------------------------------------
Hierarchical RTL Component report 
Module singleDisplay 
Detailed RTL Component Info : 
+---Muxes : 
	   2 Input      4 Bit        Muxes := 1     
	   4 Input      4 Bit        Muxes := 1     
Module lightDisplay 
Detailed RTL Component Info : 
+---Adders : 
	   2 Input     31 Bit       Adders := 1     
	   2 Input      3 Bit       Adders := 1     
+---Registers : 
	               32 Bit    Registers := 1     
	                1 Bit    Registers := 4     
+---Muxes : 
	   2 Input     31 Bit        Muxes := 1     
	   2 Input      3 Bit        Muxes := 2     
	   4 Input      3 Bit        Muxes := 1     
	   4 Input      1 Bit        Muxes := 4     
	   2 Input      1 Bit        Muxes := 4     
Module receiver 
Detailed RTL Component Info : 
+---Adders : 
	   2 Input     14 Bit       Adders := 1     
	   2 Input      3 Bit       Adders := 1     
+---Registers : 
	               16 Bit    Registers := 1     
	               14 Bit    Registers := 1     
	                8 Bit    Registers := 1     
	                3 Bit    Registers := 1     
	                1 Bit    Registers := 3     
+---Muxes : 
	   2 Input     16 Bit        Muxes := 1     
	   5 Input     16 Bit        Muxes := 2     
	   2 Input     14 Bit        Muxes := 2     
	   5 Input     14 Bit        Muxes := 1     
	   2 Input      3 Bit        Muxes := 8     
	   5 Input      3 Bit        Muxes := 1     
	   2 Input      1 Bit        Muxes := 4     
	   5 Input      1 Bit        Muxes := 5     
Module transmitter 
Detailed RTL Component Info : 
+---Adders : 
	   2 Input     14 Bit       Adders := 1     
	   2 Input      3 Bit       Adders := 1     
+---Registers : 
	               14 Bit    Registers := 1     
	                8 Bit    Registers := 1     
	                3 Bit    Registers := 1     
	                1 Bit    Registers := 1     
+---Muxes : 
	   5 Input     14 Bit        Muxes := 1     
	   2 Input      3 Bit        Muxes := 7     
	   5 Input      3 Bit        Muxes := 1     
	   2 Input      1 Bit        Muxes := 4     
	   5 Input      1 Bit        Muxes := 6     
---------------------------------------------------------------------------------
Finished RTL Hierarchical Component Statistics
---------------------------------------------------------------------------------
---------------------------------------------------------------------------------
Start Part Resource Summary
---------------------------------------------------------------------------------
Part Resources:
DSPs: 90 (col length:60)
BRAMs: 100 (col length: RAMB18 60 RAMB36 30)
---------------------------------------------------------------------------------
Finished Part Resource Summary
---------------------------------------------------------------------------------
---------------------------------------------------------------------------------
Start Cross Boundary and Area Optimization
---------------------------------------------------------------------------------
Warning: Parallel synthesis criteria is not met 
WARNING: [Synth 8-3917] design \design  has port anode[3] driven by constant 1
WARNING: [Synth 8-3917] design \design  has port anode[2] driven by constant 1
INFO: [Synth 8-3886] merging instance 'Receiver/byteToDisplay_reg[15]' (FDE) to 'Receiver/byteToDisplay_reg[11]'
INFO: [Synth 8-3886] merging instance 'Receiver/byteToDisplay_reg[11]' (FDE) to 'Receiver/byteToDisplay_reg[14]'
INFO: [Synth 8-3886] merging instance 'Receiver/byteToDisplay_reg[14]' (FDE) to 'Receiver/byteToDisplay_reg[10]'
INFO: [Synth 8-3886] merging instance 'Receiver/byteToDisplay_reg[10]' (FDE) to 'Receiver/byteToDisplay_reg[12]'
INFO: [Synth 8-3886] merging instance 'Receiver/byteToDisplay_reg[12]' (FDE) to 'Receiver/byteToDisplay_reg[8]'
INFO: [Synth 8-3886] merging instance 'Receiver/byteToDisplay_reg[8]' (FDE) to 'Receiver/byteToDisplay_reg[13]'
INFO: [Synth 8-3886] merging instance 'Receiver/byteToDisplay_reg[13]' (FDE) to 'Receiver/byteToDisplay_reg[9]'
INFO: [Synth 8-3886] merging instance 'Receiver/Multi_display/counter_new_reg[31]' (FDR) to 'Receiver/Multi_display/counter_new_reg[3]'
INFO: [Synth 8-3886] merging instance 'Receiver/Multi_display/counter_new_reg[30]' (FDR) to 'Receiver/Multi_display/counter_new_reg[3]'
INFO: [Synth 8-3886] merging instance 'Receiver/Multi_display/counter_new_reg[29]' (FDR) to 'Receiver/Multi_display/counter_new_reg[3]'
INFO: [Synth 8-3886] merging instance 'Receiver/Multi_display/counter_new_reg[28]' (FDR) to 'Receiver/Multi_display/counter_new_reg[3]'
INFO: [Synth 8-3886] merging instance 'Receiver/Multi_display/counter_new_reg[27]' (FDR) to 'Receiver/Multi_display/counter_new_reg[3]'
INFO: [Synth 8-3886] merging instance 'Receiver/Multi_display/counter_new_reg[26]' (FDR) to 'Receiver/Multi_display/counter_new_reg[3]'
INFO: [Synth 8-3886] merging instance 'Receiver/Multi_display/counter_new_reg[25]' (FDR) to 'Receiver/Multi_display/counter_new_reg[3]'
INFO: [Synth 8-3886] merging instance 'Receiver/Multi_display/counter_new_reg[24]' (FDR) to 'Receiver/Multi_display/counter_new_reg[3]'
INFO: [Synth 8-3886] merging instance 'Receiver/Multi_display/counter_new_reg[23]' (FDR) to 'Receiver/Multi_display/counter_new_reg[3]'
INFO: [Synth 8-3886] merging instance 'Receiver/Multi_display/counter_new_reg[22]' (FDR) to 'Receiver/Multi_display/counter_new_reg[3]'
INFO: [Synth 8-3886] merging instance 'Receiver/Multi_display/counter_new_reg[21]' (FDR) to 'Receiver/Multi_display/counter_new_reg[3]'
INFO: [Synth 8-3886] merging instance 'Receiver/Multi_display/counter_new_reg[20]' (FDR) to 'Receiver/Multi_display/counter_new_reg[3]'
INFO: [Synth 8-3886] merging instance 'Receiver/Multi_display/counter_new_reg[19]' (FDR) to 'Receiver/Multi_display/counter_new_reg[3]'
INFO: [Synth 8-3886] merging instance 'Receiver/Multi_display/counter_new_reg[18]' (FDR) to 'Receiver/Multi_display/counter_new_reg[3]'
INFO: [Synth 8-3886] merging instance 'Receiver/Multi_display/counter_new_reg[17]' (FDR) to 'Receiver/Multi_display/counter_new_reg[3]'
INFO: [Synth 8-3886] merging instance 'Receiver/Multi_display/counter_new_reg[16]' (FDR) to 'Receiver/Multi_display/counter_new_reg[3]'
INFO: [Synth 8-3886] merging instance 'Receiver/Multi_display/counter_new_reg[15]' (FDR) to 'Receiver/Multi_display/counter_new_reg[3]'
INFO: [Synth 8-3886] merging instance 'Receiver/Multi_display/counter_new_reg[14]' (FDR) to 'Receiver/Multi_display/counter_new_reg[3]'
INFO: [Synth 8-3886] merging instance 'Receiver/Multi_display/counter_new_reg[13]' (FDR) to 'Receiver/Multi_display/counter_new_reg[3]'
INFO: [Synth 8-3886] merging instance 'Receiver/Multi_display/counter_new_reg[12]' (FDR) to 'Receiver/Multi_display/counter_new_reg[3]'
INFO: [Synth 8-3886] merging instance 'Receiver/Multi_display/counter_new_reg[11]' (FDR) to 'Receiver/Multi_display/counter_new_reg[3]'
INFO: [Synth 8-3886] merging instance 'Receiver/Multi_display/counter_new_reg[10]' (FDR) to 'Receiver/Multi_display/counter_new_reg[3]'
INFO: [Synth 8-3886] merging instance 'Receiver/Multi_display/counter_new_reg[9]' (FDR) to 'Receiver/Multi_display/counter_new_reg[3]'
INFO: [Synth 8-3886] merging instance 'Receiver/Multi_display/counter_new_reg[8]' (FDR) to 'Receiver/Multi_display/counter_new_reg[3]'
INFO: [Synth 8-3886] merging instance 'Receiver/Multi_display/counter_new_reg[7]' (FDR) to 'Receiver/Multi_display/counter_new_reg[3]'
INFO: [Synth 8-3886] merging instance 'Receiver/Multi_display/counter_new_reg[6]' (FDR) to 'Receiver/Multi_display/counter_new_reg[3]'
INFO: [Synth 8-3886] merging instance 'Receiver/Multi_display/counter_new_reg[5]' (FDR) to 'Receiver/Multi_display/counter_new_reg[3]'
INFO: [Synth 8-3886] merging instance 'Receiver/Multi_display/counter_new_reg[4]' (FDR) to 'Receiver/Multi_display/counter_new_reg[3]'
INFO: [Synth 8-3333] propagating constant 0 across sequential element (\Receiver/Multi_display/counter_new_reg[3] )
INFO: [Synth 8-3333] propagating constant 0 across sequential element (\Receiver/Multi_display/counter_new_reg[2] )
INFO: [Synth 8-3886] merging instance 'Receiver/Multi_display/light_num_reg[31]' (FD) to 'Receiver/Multi_display/light_num_reg[30]'
INFO: [Synth 8-3886] merging instance 'Receiver/Multi_display/light_num_reg[30]' (FD) to 'Receiver/Multi_display/light_num_reg[29]'
INFO: [Synth 8-3886] merging instance 'Receiver/Multi_display/light_num_reg[29]' (FD) to 'Receiver/Multi_display/light_num_reg[28]'
INFO: [Synth 8-3886] merging instance 'Receiver/Multi_display/light_num_reg[28]' (FD) to 'Receiver/Multi_display/light_num_reg[27]'
INFO: [Synth 8-3886] merging instance 'Receiver/Multi_display/light_num_reg[27]' (FD) to 'Receiver/Multi_display/light_num_reg[26]'
INFO: [Synth 8-3886] merging instance 'Receiver/Multi_display/light_num_reg[26]' (FD) to 'Receiver/Multi_display/light_num_reg[25]'
INFO: [Synth 8-3886] merging instance 'Receiver/Multi_display/light_num_reg[25]' (FD) to 'Receiver/Multi_display/light_num_reg[24]'
INFO: [Synth 8-3886] merging instance 'Receiver/Multi_display/light_num_reg[24]' (FD) to 'Receiver/Multi_display/light_num_reg[23]'
INFO: [Synth 8-3886] merging instance 'Receiver/Multi_display/light_num_reg[23]' (FD) to 'Receiver/Multi_display/light_num_reg[22]'
INFO: [Synth 8-3886] merging instance 'Receiver/Multi_display/light_num_reg[22]' (FD) to 'Receiver/Multi_display/light_num_reg[21]'
INFO: [Synth 8-3886] merging instance 'Receiver/Multi_display/light_num_reg[21]' (FD) to 'Receiver/Multi_display/light_num_reg[20]'
INFO: [Synth 8-3886] merging instance 'Receiver/Multi_display/light_num_reg[20]' (FD) to 'Receiver/Multi_display/light_num_reg[19]'
INFO: [Synth 8-3886] merging instance 'Receiver/Multi_display/light_num_reg[19]' (FD) to 'Receiver/Multi_display/light_num_reg[18]'
INFO: [Synth 8-3886] merging instance 'Receiver/Multi_display/light_num_reg[18]' (FD) to 'Receiver/Multi_display/light_num_reg[17]'
INFO: [Synth 8-3886] merging instance 'Receiver/Multi_display/light_num_reg[17]' (FD) to 'Receiver/Multi_display/light_num_reg[16]'
INFO: [Synth 8-3886] merging instance 'Receiver/Multi_display/light_num_reg[16]' (FD) to 'Receiver/Multi_display/light_num_reg[15]'
INFO: [Synth 8-3886] merging instance 'Receiver/Multi_display/light_num_reg[15]' (FD) to 'Receiver/Multi_display/light_num_reg[14]'
INFO: [Synth 8-3886] merging instance 'Receiver/Multi_display/light_num_reg[14]' (FD) to 'Receiver/Multi_display/light_num_reg[13]'
INFO: [Synth 8-3886] merging instance 'Receiver/Multi_display/light_num_reg[13]' (FD) to 'Receiver/Multi_display/light_num_reg[12]'
INFO: [Synth 8-3886] merging instance 'Receiver/Multi_display/light_num_reg[12]' (FD) to 'Receiver/Multi_display/light_num_reg[11]'
INFO: [Synth 8-3886] merging instance 'Receiver/Multi_display/light_num_reg[11]' (FD) to 'Receiver/Multi_display/light_num_reg[10]'
INFO: [Synth 8-3886] merging instance 'Receiver/Multi_display/light_num_reg[10]' (FD) to 'Receiver/Multi_display/light_num_reg[9]'
INFO: [Synth 8-3886] merging instance 'Receiver/Multi_display/light_num_reg[9]' (FD) to 'Receiver/Multi_display/light_num_reg[8]'
INFO: [Synth 8-3886] merging instance 'Receiver/Multi_display/light_num_reg[8]' (FD) to 'Receiver/Multi_display/light_num_reg[7]'
INFO: [Synth 8-3886] merging instance 'Receiver/Multi_display/light_num_reg[7]' (FD) to 'Receiver/Multi_display/light_num_reg[6]'
INFO: [Synth 8-3886] merging instance 'Receiver/Multi_display/light_num_reg[6]' (FD) to 'Receiver/Multi_display/light_num_reg[5]'
INFO: [Synth 8-3886] merging instance 'Receiver/Multi_display/light_num_reg[5]' (FD) to 'Receiver/Multi_display/light_num_reg[4]'
INFO: [Synth 8-3886] merging instance 'Receiver/Multi_display/light_num_reg[4]' (FD) to 'Receiver/Multi_display/light_num_reg[3]'
INFO: [Synth 8-3886] merging instance 'Receiver/Multi_display/light_num_reg[3]' (FD) to 'Receiver/Multi_display/light_num_reg[2]'
INFO: [Synth 8-3333] propagating constant 0 across sequential element (\Receiver/Multi_display/light_num_reg[2] )
---------------------------------------------------------------------------------
Finished Cross Boundary and Area Optimization : Time (s): cpu = 00:00:06 ; elapsed = 00:00:07 . Memory (MB): peak = 1887.516 ; gain = 386.156 ; free physical = 7531 ; free virtual = 13280
---------------------------------------------------------------------------------

Report RTL Partitions: 
+-+--------------+------------+----------+
| |RTL Partition |Replication |Instances |
+-+--------------+------------+----------+
+-+--------------+------------+----------+
---------------------------------------------------------------------------------
Start Applying XDC Timing Constraints
---------------------------------------------------------------------------------
---------------------------------------------------------------------------------
Finished Applying XDC Timing Constraints : Time (s): cpu = 00:00:09 ; elapsed = 00:00:10 . Memory (MB): peak = 1887.516 ; gain = 386.156 ; free physical = 7432 ; free virtual = 13181
---------------------------------------------------------------------------------
---------------------------------------------------------------------------------
Start Timing Optimization
---------------------------------------------------------------------------------
---------------------------------------------------------------------------------
Finished Timing Optimization : Time (s): cpu = 00:00:09 ; elapsed = 00:00:10 . Memory (MB): peak = 1887.516 ; gain = 386.156 ; free physical = 7429 ; free virtual = 13178
---------------------------------------------------------------------------------

Report RTL Partitions: 
+-+--------------+------------+----------+
| |RTL Partition |Replication |Instances |
+-+--------------+------------+----------+
+-+--------------+------------+----------+
---------------------------------------------------------------------------------
Start Technology Mapping
---------------------------------------------------------------------------------
---------------------------------------------------------------------------------
Finished Technology Mapping : Time (s): cpu = 00:00:09 ; elapsed = 00:00:10 . Memory (MB): peak = 1887.516 ; gain = 386.156 ; free physical = 7429 ; free virtual = 13178
---------------------------------------------------------------------------------

Report RTL Partitions: 
+-+--------------+------------+----------+
| |RTL Partition |Replication |Instances |
+-+--------------+------------+----------+
+-+--------------+------------+----------+
---------------------------------------------------------------------------------
Start IO Insertion
---------------------------------------------------------------------------------
---------------------------------------------------------------------------------
Start Flattening Before IO Insertion
---------------------------------------------------------------------------------
---------------------------------------------------------------------------------
Finished Flattening Before IO Insertion
---------------------------------------------------------------------------------
---------------------------------------------------------------------------------
Start Final Netlist Cleanup
---------------------------------------------------------------------------------
---------------------------------------------------------------------------------
Finished Final Netlist Cleanup
---------------------------------------------------------------------------------
---------------------------------------------------------------------------------
Finished IO Insertion : Time (s): cpu = 00:00:10 ; elapsed = 00:00:11 . Memory (MB): peak = 1887.516 ; gain = 386.156 ; free physical = 7430 ; free virtual = 13179
---------------------------------------------------------------------------------

Report Check Netlist: 
+------+------------------+-------+---------+-------+------------------+
|      |Item              |Errors |Warnings |Status |Description       |
+------+------------------+-------+---------+-------+------------------+
|1     |multi_driven_nets |      0|        0|Passed |Multi driven nets |
+------+------------------+-------+---------+-------+------------------+
---------------------------------------------------------------------------------
Start Renaming Generated Instances
---------------------------------------------------------------------------------
---------------------------------------------------------------------------------
Finished Renaming Generated Instances : Time (s): cpu = 00:00:10 ; elapsed = 00:00:11 . Memory (MB): peak = 1887.516 ; gain = 386.156 ; free physical = 7430 ; free virtual = 13179
---------------------------------------------------------------------------------

Report RTL Partitions: 
+-+--------------+------------+----------+
| |RTL Partition |Replication |Instances |
+-+--------------+------------+----------+
+-+--------------+------------+----------+
---------------------------------------------------------------------------------
Start Rebuilding User Hierarchy
---------------------------------------------------------------------------------
---------------------------------------------------------------------------------
Finished Rebuilding User Hierarchy : Time (s): cpu = 00:00:10 ; elapsed = 00:00:11 . Memory (MB): peak = 1887.516 ; gain = 386.156 ; free physical = 7430 ; free virtual = 13179
---------------------------------------------------------------------------------
---------------------------------------------------------------------------------
Start Renaming Generated Ports
---------------------------------------------------------------------------------
---------------------------------------------------------------------------------
Finished Renaming Generated Ports : Time (s): cpu = 00:00:10 ; elapsed = 00:00:11 . Memory (MB): peak = 1887.516 ; gain = 386.156 ; free physical = 7430 ; free virtual = 13179
---------------------------------------------------------------------------------
---------------------------------------------------------------------------------
Start Handling Custom Attributes
---------------------------------------------------------------------------------
---------------------------------------------------------------------------------
Finished Handling Custom Attributes : Time (s): cpu = 00:00:10 ; elapsed = 00:00:11 . Memory (MB): peak = 1887.516 ; gain = 386.156 ; free physical = 7430 ; free virtual = 13179
---------------------------------------------------------------------------------
---------------------------------------------------------------------------------
Start Renaming Generated Nets
---------------------------------------------------------------------------------
---------------------------------------------------------------------------------
Finished Renaming Generated Nets : Time (s): cpu = 00:00:10 ; elapsed = 00:00:11 . Memory (MB): peak = 1887.516 ; gain = 386.156 ; free physical = 7430 ; free virtual = 13179
---------------------------------------------------------------------------------
---------------------------------------------------------------------------------
Start Writing Synthesis Report
---------------------------------------------------------------------------------

Report BlackBoxes: 
+-+--------------+----------+
| |BlackBox name |Instances |
+-+--------------+----------+
+-+--------------+----------+

Report Cell Usage: 
+------+-------+------+
|      |Cell   |Count |
+------+-------+------+
|1     |BUFG   |     1|
|2     |CARRY4 |    26|
|3     |LUT1   |    26|
|4     |LUT2   |    48|
|5     |LUT3   |    12|
|6     |LUT4   |    25|
|7     |LUT5   |    19|
|8     |LUT6   |    31|
|9     |FDRE   |   105|
|10    |FDSE   |     4|
|11    |LD     |     8|
|12    |IBUF   |     3|
|13    |OBUF   |    12|
+------+-------+------+

Report Instance Areas: 
+------+---------------------+--------------+------+
|      |Instance             |Module        |Cells |
+------+---------------------+--------------+------+
|1     |top                  |              |   320|
|2     |  Receiver           |receiver      |   227|
|3     |    Multi_display    |lightDisplay  |   127|
|4     |      Single_display |singleDisplay |     9|
|5     |  Transmitter        |transmitter   |    69|
+------+---------------------+--------------+------+
---------------------------------------------------------------------------------
Finished Writing Synthesis Report : Time (s): cpu = 00:00:10 ; elapsed = 00:00:11 . Memory (MB): peak = 1887.516 ; gain = 386.156 ; free physical = 7430 ; free virtual = 13179
---------------------------------------------------------------------------------
Synthesis finished with 0 errors, 0 critical warnings and 3 warnings.
Synthesis Optimization Runtime : Time (s): cpu = 00:00:09 ; elapsed = 00:00:10 . Memory (MB): peak = 1887.516 ; gain = 209.438 ; free physical = 7482 ; free virtual = 13231
Synthesis Optimization Complete : Time (s): cpu = 00:00:10 ; elapsed = 00:00:11 . Memory (MB): peak = 1887.516 ; gain = 386.156 ; free physical = 7482 ; free virtual = 13231
INFO: [Project 1-571] Translating synthesized netlist
INFO: [Netlist 29-17] Analyzing 34 Unisim elements for replacement
INFO: [Netlist 29-28] Unisim Transformation completed in 0 CPU seconds
INFO: [Project 1-570] Preparing netlist for logic optimization
INFO: [Opt 31-138] Pushed 0 inverter(s) to 0 load pin(s).
Netlist sorting complete. Time (s): cpu = 00:00:00 ; elapsed = 00:00:00 . Memory (MB): peak = 1887.516 ; gain = 0.000 ; free physical = 7432 ; free virtual = 13181
INFO: [Project 1-111] Unisim Transformation Summary:
  A total of 8 instances were transformed.
  LD => LDCE: 8 instances

INFO: [Common 17-83] Releasing license: Synthesis
95 Infos, 6 Warnings, 1 Critical Warnings and 0 Errors encountered.
synth_design completed successfully
synth_design: Time (s): cpu = 00:00:12 ; elapsed = 00:00:13 . Memory (MB): peak = 1887.516 ; gain = 528.477 ; free physical = 7528 ; free virtual = 13277
Netlist sorting complete. Time (s): cpu = 00:00:00 ; elapsed = 00:00:00 . Memory (MB): peak = 1887.516 ; gain = 0.000 ; free physical = 7528 ; free virtual = 13277
WARNING: [Constraints 18-5210] No constraints selected for write.
Resolution: This message can indicate that there are no constraints for the design, or it can indicate that the used_in flags are set such that the constraints are ignored. This later case is used when running synth_design to not write synthesis constraints to the resulting checkpoint. Instead, project constraints are read when the synthesized design is opened.
INFO: [Common 17-1381] The checkpoint '/home/tanish/Desktop/GitHub/COL215/Assignment-8/Assignment-8.runs/synth_1/design.dcp' has been generated.
INFO: [runtcl-4] Executing : report_utilization -file design_utilization_synth.rpt -pb design_utilization_synth.pb
INFO: [Common 17-206] Exiting Vivado at Sat May 21 16:24:42 2022...
